2025-03-13T15:20:09.620107+0300 INFO Processing latest logs...
2025-03-13T15:20:09.629893+0300 INFO Formatted Log: 2025-03-13T15:14:15.095011+0300 [SECURITY EVENT] Failed login attempt
2025-03-13T15:20:09.629963+0300 INFO Formatted Log: 2025-03-13T15:14:17.106185+0300 [SECURITY EVENT] Security scan completed
2025-03-13T15:20:09.629998+0300 INFO Formatted Log: 2025-03-13T15:20:05.106048+0300 [SECURITY EVENT] New SSH connection established
2025-03-13T15:20:09.630024+0300 INFO Formatted Log: 2025-03-13T15:20:07.116891+0300 [SECURITY EVENT] User login successful
2025-03-13T15:20:09.630047+0300 INFO Formatted Log: 2025-03-13T15:20:09.118233+0300 [SECURITY EVENT] User login successful
2025-03-13T15:20:09.630068+0300 INFO Logs processed successfully!

2025-03-13T15:20:15.780345+0300 INFO Processing latest logs...
2025-03-13T15:20:15.780600+0300 INFO Formatted Log: 2025-03-13T15:20:07.116891+0300 [SECURITY EVENT] User login successful
2025-03-13T15:20:15.780710+0300 INFO Formatted Log: 2025-03-13T15:20:09.118233+0300 [SECURITY EVENT] User login successful
2025-03-13T15:20:15.780775+0300 INFO Formatted Log: 2025-03-13T15:20:11.118766+0300 [SECURITY EVENT] Security scan completed
2025-03-13T15:20:15.780826+0300 INFO Formatted Log: 2025-03-13T15:20:13.119993+0300 [SECURITY EVENT] User login successful
2025-03-13T15:20:15.780886+0300 INFO Formatted Log: 2025-03-13T15:20:15.120805+0300 [SECURITY EVENT] User logged out
2025-03-13T15:20:15.780942+0300 INFO Logs processed successfully!

2025-03-13T15:20:50.936554+0300 INFO Processing latest logs...
2025-03-13T15:20:50.936840+0300 INFO Formatted Log: 2025-03-13T15:20:41.137682+0300 [SECURITY EVENT] User logged out
2025-03-13T15:20:50.936951+0300 INFO Formatted Log: 2025-03-13T15:20:43.138262+0300 [SECURITY EVENT] User login successful
2025-03-13T15:20:50.937014+0300 INFO Formatted Log: 2025-03-13T15:20:45.138803+0300 [SECURITY EVENT] Firewall detached unusual traffic
2025-03-13T15:20:50.937065+0300 INFO Formatted Log: 2025-03-13T15:20:47.139105+0300 [SECURITY EVENT] New SSH connection established
2025-03-13T15:20:50.937113+0300 INFO Formatted Log: 2025-03-13T15:20:49.146539+0300 [SECURITY EVENT] Security scan completed
2025-03-13T15:20:50.937146+0300 INFO Logs processed successfully!

2025-04-28T09:51:48.461636+0300 INFO Processing latest logs...
2025-04-28T09:51:48.462552+0300 INFO Formatted Log: 2025-04-28T09:50:11.189349+0300 [SECURITY EVENT] New SSH connection established
2025-04-28T09:51:48.462685+0300 INFO Formatted Log: 2025-04-28T09:50:13.189735+0300 [SECURITY EVENT] New SSH connection established
2025-04-28T09:51:48.462742+0300 INFO Formatted Log: 2025-04-28T09:50:15.190099+0300 [SECURITY EVENT] User logged out
2025-04-28T09:51:48.462788+0300 INFO Formatted Log: 2025-04-28T09:51:46.261202+0300 [SECURITY EVENT] New SSH connection established
2025-04-28T09:51:48.462831+0300 INFO Formatted Log: 2025-04-28T09:51:48.274684+0300 [SECURITY EVENT] User login successful
2025-04-28T09:51:48.462870+0300 INFO Logs processed successfully!

2025-04-28T09:52:23.643961+0300 INFO Processing latest logs...
2025-04-28T09:52:23.651916+0300 INFO Formatted Log: 2025-04-28T09:52:14.278720+0300 [SECURITY EVENT] User login successful
2025-04-28T09:52:23.652020+0300 INFO Formatted Log: 2025-04-28T09:52:16.279037+0300 [SECURITY EVENT] Failed login attempt
2025-04-28T09:52:23.652056+0300 INFO Formatted Log: 2025-04-28T09:52:18.280324+0300 [SECURITY EVENT] User login successful
2025-04-28T09:52:23.652082+0300 INFO Formatted Log: 2025-04-28T09:52:20.282405+0300 [SECURITY EVENT] User login successful
2025-04-28T09:52:23.652106+0300 INFO Formatted Log: 2025-04-28T09:52:22.282662+0300 [SECURITY EVENT] Failed login attempt
2025-04-28T09:52:23.652127+0300 INFO Logs processed successfully!

2025-04-28T10:08:30.188212+0300 INFO Processing latest logs...
2025-04-28T10:08:30.188438+0300 INFO Formatted Log: 2025-04-28T09:52:26.283346+0300 [SECURITY EVENT] User logged out
2025-04-28T10:08:30.188554+0300 INFO Formatted Log: 2025-04-28T09:52:28.284354+0300 [SECURITY EVENT] User logged out
2025-04-28T10:08:30.188609+0300 INFO Formatted Log: 2025-04-28T09:52:30.284671+0300 [SECURITY EVENT] Security scan completed
2025-04-28T10:08:30.188667+0300 INFO Formatted Log: 2025-04-28T09:52:32.284917+0300 [SECURITY EVENT] New SSH connection established
2025-04-28T10:08:30.188715+0300 INFO Formatted Log: 2025-04-28T09:52:34.285139+0300 [SECURITY EVENT] Firewall detached unusual traffic
2025-04-28T10:08:30.188759+0300 INFO Logs processed successfully!

2025-04-28T10:08:53.111310+0300 INFO Processing latest logs...
2025-04-28T10:08:53.122558+0300 INFO Formatted Log: 2025-04-28T09:52:26.283346+0300 [SECURITY EVENT] User logged out
2025-04-28T10:08:53.122717+0300 INFO Formatted Log: 2025-04-28T09:52:28.284354+0300 [SECURITY EVENT] User logged out
2025-04-28T10:08:53.122782+0300 INFO Formatted Log: 2025-04-28T09:52:30.284671+0300 [SECURITY EVENT] Security scan completed
2025-04-28T10:08:53.122832+0300 INFO Formatted Log: 2025-04-28T09:52:32.284917+0300 [SECURITY EVENT] New SSH connection established
2025-04-28T10:08:53.122877+0300 INFO Formatted Log: 2025-04-28T09:52:34.285139+0300 [SECURITY EVENT] Firewall detached unusual traffic
2025-04-28T10:08:53.122919+0300 INFO Logs processed successfully!

2025-04-28T10:09:03.123549+0300 INFO Processing latest logs...
2025-04-28T10:09:03.123680+0300 INFO Formatted Log: 2025-04-28T09:52:26.283346+0300 [SECURITY EVENT] User logged out
2025-04-28T10:09:03.123723+0300 INFO Formatted Log: 2025-04-28T09:52:28.284354+0300 [SECURITY EVENT] User logged out
2025-04-28T10:09:03.123747+0300 INFO Formatted Log: 2025-04-28T09:52:30.284671+0300 [SECURITY EVENT] Security scan completed
2025-04-28T10:09:03.123767+0300 INFO Formatted Log: 2025-04-28T09:52:32.284917+0300 [SECURITY EVENT] New SSH connection established
2025-04-28T10:09:03.123787+0300 INFO Formatted Log: 2025-04-28T09:52:34.285139+0300 [SECURITY EVENT] Firewall detached unusual traffic
2025-04-28T10:09:03.123804+0300 INFO Logs processed successfully!

2025-04-28T10:09:13.124088+0300 INFO Processing latest logs...
2025-04-28T10:09:13.124215+0300 INFO Formatted Log: 2025-04-28T10:09:04.681086+0300 [SECURITY EVENT] User login successful
2025-04-28T10:09:13.124247+0300 INFO Formatted Log: 2025-04-28T10:09:06.692974+0300 [SECURITY EVENT] Failed login attempt
2025-04-28T10:09:13.124269+0300 INFO Formatted Log: 2025-04-28T10:09:08.693512+0300 [SECURITY EVENT] User login successful
2025-04-28T10:09:13.124287+0300 INFO Formatted Log: 2025-04-28T10:09:10.693982+0300 [SECURITY EVENT] User login successful
2025-04-28T10:09:13.124304+0300 INFO Formatted Log: 2025-04-28T10:09:12.694413+0300 [SECURITY EVENT] New SSH connection established
2025-04-28T10:09:13.124321+0300 INFO Logs processed successfully!

2025-04-28T10:09:23.124807+0300 INFO Processing latest logs...
2025-04-28T10:09:23.124945+0300 INFO Formatted Log: 2025-04-28T10:09:14.694720+0300 [SECURITY EVENT] User login successful
2025-04-28T10:09:23.124981+0300 INFO Formatted Log: 2025-04-28T10:09:16.695316+0300 [SECURITY EVENT] Security scan completed
2025-04-28T10:09:23.125006+0300 INFO Formatted Log: 2025-04-28T10:09:18.696046+0300 [SECURITY EVENT] New SSH connection established
2025-04-28T10:09:23.125027+0300 INFO Formatted Log: 2025-04-28T10:09:20.696503+0300 [SECURITY EVENT] Firewall detached unusual traffic
2025-04-28T10:09:23.125047+0300 INFO Formatted Log: 2025-04-28T10:09:22.700646+0300 [SECURITY EVENT] New SSH connection established
2025-04-28T10:09:23.125068+0300 INFO Logs processed successfully!

2025-04-28T10:09:33.125412+0300 INFO Processing latest logs...
2025-04-28T10:09:33.134411+0300 INFO Formatted Log: 2025-04-28T10:09:24.700956+0300 [SECURITY EVENT] User login successful
2025-04-28T10:09:33.134494+0300 INFO Formatted Log: 2025-04-28T10:09:26.704857+0300 [SECURITY EVENT] User login successful
2025-04-28T10:09:33.134526+0300 INFO Formatted Log: 2025-04-28T10:09:28.716579+0300 [SECURITY EVENT] Firewall detached unusual traffic
2025-04-28T10:09:33.134550+0300 INFO Formatted Log: 2025-04-28T10:09:30.716838+0300 [SECURITY EVENT] Security scan completed
2025-04-28T10:09:33.134571+0300 INFO Formatted Log: 2025-04-28T10:09:32.717725+0300 [SECURITY EVENT] Security scan completed
2025-04-28T10:09:33.134605+0300 INFO Logs processed successfully!

2025-04-28T10:09:43.134863+0300 INFO Processing latest logs...
2025-04-28T10:09:43.135015+0300 INFO Formatted Log: 2025-04-28T10:09:34.717969+0300 [SECURITY EVENT] User login successful
2025-04-28T10:09:43.135052+0300 INFO Formatted Log: 2025-04-28T10:09:36.718827+0300 [SECURITY EVENT] Security scan completed
2025-04-28T10:09:43.135075+0300 INFO Formatted Log: 2025-04-28T10:09:38.719708+0300 [SECURITY EVENT] Security scan completed
2025-04-28T10:09:43.135094+0300 INFO Formatted Log: 2025-04-28T10:09:40.731009+0300 [SECURITY EVENT] User login successful
2025-04-28T10:09:43.135118+0300 INFO Formatted Log: 2025-04-28T10:09:42.731261+0300 [SECURITY EVENT] Failed login attempt
2025-04-28T10:09:43.135137+0300 INFO Logs processed successfully!

2025-04-28T10:09:53.135800+0300 INFO Processing latest logs...
2025-04-28T10:09:53.135934+0300 INFO Formatted Log: 2025-04-28T10:09:44.731518+0300 [SECURITY EVENT] Failed login attempt
2025-04-28T10:09:53.135968+0300 INFO Formatted Log: 2025-04-28T10:09:46.732002+0300 [SECURITY EVENT] Security scan completed
2025-04-28T10:09:53.135992+0300 INFO Formatted Log: 2025-04-28T10:09:48.732273+0300 [SECURITY EVENT] Security scan completed
2025-04-28T10:09:53.136010+0300 INFO Formatted Log: 2025-04-28T10:09:50.732548+0300 [SECURITY EVENT] User login successful
2025-04-28T10:09:53.136029+0300 INFO Formatted Log: 2025-04-28T10:09:52.732844+0300 [SECURITY EVENT] Failed login attempt
2025-04-28T10:09:53.136046+0300 INFO Logs processed successfully!

2025-04-28T10:10:03.136344+0300 INFO Processing latest logs...
2025-04-28T10:10:03.136473+0300 INFO Formatted Log: 2025-04-28T10:09:54.733079+0300 [SECURITY EVENT] Firewall detached unusual traffic
2025-04-28T10:10:03.136507+0300 INFO Formatted Log: 2025-04-28T10:09:56.733333+0300 [SECURITY EVENT] User login successful
2025-04-28T10:10:03.136531+0300 INFO Formatted Log: 2025-04-28T10:09:58.733595+0300 [SECURITY EVENT] Failed login attempt
2025-04-28T10:10:03.136552+0300 INFO Formatted Log: 2025-04-28T10:10:00.733850+0300 [SECURITY EVENT] User login successful
2025-04-28T10:10:03.136571+0300 INFO Formatted Log: 2025-04-28T10:10:02.734095+0300 [SECURITY EVENT] User logged out
2025-04-28T10:10:03.136589+0300 INFO Logs processed successfully!

2025-04-28T10:10:13.136866+0300 INFO Processing latest logs...
2025-04-28T10:10:13.136997+0300 INFO Formatted Log: 2025-04-28T10:10:04.735412+0300 [SECURITY EVENT] User login successful
2025-04-28T10:10:13.137056+0300 INFO Formatted Log: 2025-04-28T10:10:06.735686+0300 [SECURITY EVENT] New SSH connection established
2025-04-28T10:10:13.137086+0300 INFO Formatted Log: 2025-04-28T10:10:08.735944+0300 [SECURITY EVENT] User login successful
2025-04-28T10:10:13.137108+0300 INFO Formatted Log: 2025-04-28T10:10:10.736223+0300 [SECURITY EVENT] User login successful
2025-04-28T10:10:13.137135+0300 INFO Formatted Log: 2025-04-28T10:10:12.736505+0300 [SECURITY EVENT] Security scan completed
2025-04-28T10:10:13.137154+0300 INFO Logs processed successfully!

2025-04-28T10:10:23.137453+0300 INFO Processing latest logs...
2025-04-28T10:10:23.149492+0300 INFO Formatted Log: 2025-04-28T10:10:14.736772+0300 [SECURITY EVENT] User logged out
2025-04-28T10:10:23.149590+0300 INFO Formatted Log: 2025-04-28T10:10:16.747983+0300 [SECURITY EVENT] New SSH connection established
2025-04-28T10:10:23.149622+0300 INFO Formatted Log: 2025-04-28T10:10:18.748256+0300 [SECURITY EVENT] Security scan completed
2025-04-28T10:10:23.149648+0300 INFO Formatted Log: 2025-04-28T10:10:20.748568+0300 [SECURITY EVENT] Firewall detached unusual traffic
2025-04-28T10:10:23.149670+0300 INFO Formatted Log: 2025-04-28T10:10:22.748892+0300 [SECURITY EVENT] Failed login attempt
2025-04-28T10:10:23.149692+0300 INFO Logs processed successfully!

2025-04-28T10:10:33.149973+0300 INFO Processing latest logs...
2025-04-28T10:10:33.154425+0300 INFO Formatted Log: 2025-04-28T10:10:24.749138+0300 [SECURITY EVENT] Failed login attempt
2025-04-28T10:10:33.154510+0300 INFO Formatted Log: 2025-04-28T10:10:26.759758+0300 [SECURITY EVENT] User logged out
2025-04-28T10:10:33.154556+0300 INFO Formatted Log: 2025-04-28T10:10:28.760033+0300 [SECURITY EVENT] Firewall detached unusual traffic
2025-04-28T10:10:33.154582+0300 INFO Formatted Log: 2025-04-28T10:10:30.760312+0300 [SECURITY EVENT] Firewall detached unusual traffic
2025-04-28T10:10:33.154613+0300 INFO Formatted Log: 2025-04-28T10:10:32.760729+0300 [SECURITY EVENT] Firewall detached unusual traffic
2025-04-28T10:10:33.154635+0300 INFO Logs processed successfully!

2025-04-28T10:10:43.154870+0300 INFO Processing latest logs...
2025-04-28T10:10:43.155001+0300 INFO Formatted Log: 2025-04-28T10:10:34.760957+0300 [SECURITY EVENT] User login successful
2025-04-28T10:10:43.155035+0300 INFO Formatted Log: 2025-04-28T10:10:36.761311+0300 [SECURITY EVENT] Failed login attempt
2025-04-28T10:10:43.155059+0300 INFO Formatted Log: 2025-04-28T10:10:38.761635+0300 [SECURITY EVENT] Security scan completed
2025-04-28T10:10:43.155082+0300 INFO Formatted Log: 2025-04-28T10:10:40.772571+0300 [SECURITY EVENT] New SSH connection established
2025-04-28T10:10:43.155102+0300 INFO Formatted Log: 2025-04-28T10:10:42.777087+0300 [SECURITY EVENT] Failed login attempt
2025-04-28T10:10:43.155119+0300 INFO Logs processed successfully!

2025-04-28T10:10:53.155710+0300 INFO Processing latest logs...
2025-04-28T10:10:53.155837+0300 INFO Formatted Log: 2025-04-28T10:10:44.777364+0300 [SECURITY EVENT] Firewall detached unusual traffic
2025-04-28T10:10:53.155871+0300 INFO Formatted Log: 2025-04-28T10:10:46.777654+0300 [SECURITY EVENT] New SSH connection established
2025-04-28T10:10:53.155939+0300 INFO Formatted Log: 2025-04-28T10:10:48.782993+0300 [SECURITY EVENT] Security scan completed
2025-04-28T10:10:53.155968+0300 INFO Formatted Log: 2025-04-28T10:10:50.783251+0300 [SECURITY EVENT] Failed login attempt
2025-04-28T10:10:53.155989+0300 INFO Formatted Log: 2025-04-28T10:10:52.783483+0300 [SECURITY EVENT] User login successful
2025-04-28T10:10:53.156008+0300 INFO Logs processed successfully!

2025-04-28T10:11:03.156242+0300 INFO Processing latest logs...
2025-04-28T10:11:03.156367+0300 INFO Formatted Log: 2025-04-28T10:10:54.783799+0300 [SECURITY EVENT] User logged out
2025-04-28T10:11:03.156410+0300 INFO Formatted Log: 2025-04-28T10:10:56.784074+0300 [SECURITY EVENT] User logged out
2025-04-28T10:11:03.156435+0300 INFO Formatted Log: 2025-04-28T10:10:58.784760+0300 [SECURITY EVENT] Failed login attempt
2025-04-28T10:11:03.156456+0300 INFO Formatted Log: 2025-04-28T10:11:00.785022+0300 [SECURITY EVENT] User logged out
2025-04-28T10:11:03.156474+0300 INFO Formatted Log: 2025-04-28T10:11:02.785438+0300 [SECURITY EVENT] User logged out
2025-04-28T10:11:03.156492+0300 INFO Logs processed successfully!

2025-04-28T10:11:13.156716+0300 INFO Processing latest logs...
2025-04-28T10:11:13.156842+0300 INFO Formatted Log: 2025-04-28T10:11:04.789505+0300 [SECURITY EVENT] Security scan completed
2025-04-28T10:11:13.156875+0300 INFO Formatted Log: 2025-04-28T10:11:06.790929+0300 [SECURITY EVENT] Firewall detached unusual traffic
2025-04-28T10:11:13.156898+0300 INFO Formatted Log: 2025-04-28T10:11:08.791179+0300 [SECURITY EVENT] New SSH connection established
2025-04-28T10:11:13.156917+0300 INFO Formatted Log: 2025-04-28T10:11:10.791474+0300 [SECURITY EVENT] User logged out
2025-04-28T10:11:13.156934+0300 INFO Formatted Log: 2025-04-28T10:11:12.791749+0300 [SECURITY EVENT] Failed login attempt
2025-04-28T10:11:13.156950+0300 INFO Logs processed successfully!

2025-04-28T10:11:23.157186+0300 INFO Processing latest logs...
2025-04-28T10:11:23.157312+0300 INFO Formatted Log: 2025-04-28T10:11:14.792017+0300 [SECURITY EVENT] User login successful
2025-04-28T10:11:23.157347+0300 INFO Formatted Log: 2025-04-28T10:11:16.792339+0300 [SECURITY EVENT] New SSH connection established
2025-04-28T10:11:23.157372+0300 INFO Formatted Log: 2025-04-28T10:11:18.792661+0300 [SECURITY EVENT] User logged out
2025-04-28T10:11:23.157392+0300 INFO Formatted Log: 2025-04-28T10:11:20.792946+0300 [SECURITY EVENT] Failed login attempt
2025-04-28T10:11:23.157428+0300 INFO Formatted Log: 2025-04-28T10:11:22.801373+0300 [SECURITY EVENT] User logged out
2025-04-28T10:11:23.157446+0300 INFO Logs processed successfully!

2025-04-28T10:11:33.157722+0300 INFO Processing latest logs...
2025-04-28T10:11:33.157848+0300 INFO Formatted Log: 2025-04-28T10:11:24.801775+0300 [SECURITY EVENT] Security scan completed
2025-04-28T10:11:33.157881+0300 INFO Formatted Log: 2025-04-28T10:11:26.802135+0300 [SECURITY EVENT] User logged out
2025-04-28T10:11:33.157905+0300 INFO Formatted Log: 2025-04-28T10:11:28.802577+0300 [SECURITY EVENT] Failed login attempt
2025-04-28T10:11:33.157923+0300 INFO Formatted Log: 2025-04-28T10:11:30.810616+0300 [SECURITY EVENT] Firewall detached unusual traffic
2025-04-28T10:11:33.157941+0300 INFO Formatted Log: 2025-04-28T10:11:32.810884+0300 [SECURITY EVENT] User login successful
2025-04-28T10:11:33.157957+0300 INFO Logs processed successfully!

2025-04-28T10:11:43.158186+0300 INFO Processing latest logs...
2025-04-28T10:11:43.158311+0300 INFO Formatted Log: 2025-04-28T10:11:34.817237+0300 [SECURITY EVENT] Security scan completed
2025-04-28T10:11:43.158345+0300 INFO Formatted Log: 2025-04-28T10:11:36.817549+0300 [SECURITY EVENT] User logged out
2025-04-28T10:11:43.158368+0300 INFO Formatted Log: 2025-04-28T10:11:38.817826+0300 [SECURITY EVENT] Firewall detached unusual traffic
2025-04-28T10:11:43.158387+0300 INFO Formatted Log: 2025-04-28T10:11:40.822757+0300 [SECURITY EVENT] New SSH connection established
2025-04-28T10:11:43.158405+0300 INFO Formatted Log: 2025-04-28T10:11:42.824853+0300 [SECURITY EVENT] New SSH connection established
2025-04-28T10:11:43.158423+0300 INFO Logs processed successfully!

2025-04-28T10:11:53.158698+0300 INFO Processing latest logs...
2025-04-28T10:11:53.172781+0300 INFO Formatted Log: 2025-04-28T10:11:44.825120+0300 [SECURITY EVENT] User login successful
2025-04-28T10:11:53.172868+0300 INFO Formatted Log: 2025-04-28T10:11:46.825361+0300 [SECURITY EVENT] Security scan completed
2025-04-28T10:11:53.172899+0300 INFO Formatted Log: 2025-04-28T10:11:48.825714+0300 [SECURITY EVENT] User login successful
2025-04-28T10:11:53.172924+0300 INFO Formatted Log: 2025-04-28T10:11:50.826022+0300 [SECURITY EVENT] User logged out
2025-04-28T10:11:53.172946+0300 INFO Formatted Log: 2025-04-28T10:11:52.826695+0300 [SECURITY EVENT] User login successful
2025-04-28T10:11:53.172967+0300 INFO Logs processed successfully!

2025-04-28T10:12:03.173401+0300 INFO Processing latest logs...
2025-04-28T10:12:03.173598+0300 INFO Formatted Log: 2025-04-28T10:11:54.826922+0300 [SECURITY EVENT] Firewall detached unusual traffic
2025-04-28T10:12:03.173677+0300 INFO Formatted Log: 2025-04-28T10:11:56.827160+0300 [SECURITY EVENT] New SSH connection established
2025-04-28T10:12:03.173741+0300 INFO Formatted Log: 2025-04-28T10:11:58.827850+0300 [SECURITY EVENT] Firewall detached unusual traffic
2025-04-28T10:12:03.173803+0300 INFO Formatted Log: 2025-04-28T10:12:00.828199+0300 [SECURITY EVENT] New SSH connection established
2025-04-28T10:12:03.173859+0300 INFO Formatted Log: 2025-04-28T10:12:02.828765+0300 [SECURITY EVENT] Firewall detached unusual traffic
2025-04-28T10:12:03.173911+0300 INFO Logs processed successfully!

2025-04-28T10:12:13.174325+0300 INFO Processing latest logs...
2025-04-28T10:12:13.174517+0300 INFO Formatted Log: 2025-04-28T10:12:04.829392+0300 [SECURITY EVENT] User login successful
2025-04-28T10:12:13.174593+0300 INFO Formatted Log: 2025-04-28T10:12:06.829756+0300 [SECURITY EVENT] New SSH connection established
2025-04-28T10:12:13.174657+0300 INFO Formatted Log: 2025-04-28T10:12:08.830224+0300 [SECURITY EVENT] Security scan completed
2025-04-28T10:12:13.174720+0300 INFO Formatted Log: 2025-04-28T10:12:10.832396+0300 [SECURITY EVENT] Firewall detached unusual traffic
2025-04-28T10:12:13.174779+0300 INFO Formatted Log: 2025-04-28T10:12:12.832945+0300 [SECURITY EVENT] Security scan completed
2025-04-28T10:12:13.174884+0300 INFO Logs processed successfully!

2025-04-28T10:12:23.175287+0300 INFO Processing latest logs...
2025-04-28T10:12:23.175508+0300 INFO Formatted Log: 2025-04-28T10:12:14.833447+0300 [SECURITY EVENT] Security scan completed
2025-04-28T10:12:23.175578+0300 INFO Formatted Log: 2025-04-28T10:12:16.834020+0300 [SECURITY EVENT] User logged out
2025-04-28T10:12:23.175636+0300 INFO Formatted Log: 2025-04-28T10:12:18.834961+0300 [SECURITY EVENT] User login successful
2025-04-28T10:12:23.175692+0300 INFO Formatted Log: 2025-04-28T10:12:20.835378+0300 [SECURITY EVENT] User logged out
2025-04-28T10:12:23.175744+0300 INFO Formatted Log: 2025-04-28T10:12:22.840750+0300 [SECURITY EVENT] Failed login attempt
2025-04-28T10:12:23.175795+0300 INFO Logs processed successfully!

2025-04-28T10:12:33.176179+0300 INFO Processing latest logs...
2025-04-28T10:12:33.176440+0300 INFO Formatted Log: 2025-04-28T10:12:24.841229+0300 [SECURITY EVENT] Security scan completed
2025-04-28T10:12:33.185626+0300 INFO Formatted Log: 2025-04-28T10:12:26.841706+0300 [SECURITY EVENT] New SSH connection established
2025-04-28T10:12:33.185756+0300 INFO Formatted Log: 2025-04-28T10:12:28.842203+0300 [SECURITY EVENT] New SSH connection established
2025-04-28T10:12:33.185830+0300 INFO Formatted Log: 2025-04-28T10:12:30.845181+0300 [SECURITY EVENT] Failed login attempt
2025-04-28T10:12:33.185901+0300 INFO Formatted Log: 2025-04-28T10:12:32.845568+0300 [SECURITY EVENT] Firewall detached unusual traffic
2025-04-28T10:12:33.185965+0300 INFO Logs processed successfully!

2025-04-28T10:12:43.186427+0300 INFO Processing latest logs...
2025-04-28T10:12:43.186636+0300 INFO Formatted Log: 2025-04-28T10:12:34.845948+0300 [SECURITY EVENT] User logged out
2025-04-28T10:12:43.186708+0300 INFO Formatted Log: 2025-04-28T10:12:36.846482+0300 [SECURITY EVENT] New SSH connection established
2025-04-28T10:12:43.186769+0300 INFO Formatted Log: 2025-04-28T10:12:38.846822+0300 [SECURITY EVENT] Failed login attempt
2025-04-28T10:12:43.186826+0300 INFO Formatted Log: 2025-04-28T10:12:40.847310+0300 [SECURITY EVENT] Firewall detached unusual traffic
2025-04-28T10:12:43.186880+0300 INFO Formatted Log: 2025-04-28T10:12:42.847702+0300 [SECURITY EVENT] Security scan completed
2025-04-28T10:12:43.186932+0300 INFO Logs processed successfully!

2025-04-28T10:12:53.187249+0300 INFO Processing latest logs...
2025-04-28T10:12:53.198593+0300 INFO Formatted Log: 2025-04-28T10:12:44.848180+0300 [SECURITY EVENT] User login successful
2025-04-28T10:12:53.198678+0300 INFO Formatted Log: 2025-04-28T10:12:46.848643+0300 [SECURITY EVENT] Failed login attempt
2025-04-28T10:12:53.198709+0300 INFO Formatted Log: 2025-04-28T10:12:48.849019+0300 [SECURITY EVENT] Security scan completed
2025-04-28T10:12:53.198735+0300 INFO Formatted Log: 2025-04-28T10:12:50.849363+0300 [SECURITY EVENT] Firewall detached unusual traffic
2025-04-28T10:12:53.198760+0300 INFO Formatted Log: 2025-04-28T10:12:52.854826+0300 [SECURITY EVENT] User logged out
2025-04-28T10:12:53.198806+0300 INFO Logs processed successfully!

2025-04-28T10:13:03.199032+0300 INFO Processing latest logs...
2025-04-28T10:13:03.199158+0300 INFO Formatted Log: 2025-04-28T10:12:54.855131+0300 [SECURITY EVENT] Firewall detached unusual traffic
2025-04-28T10:13:03.199188+0300 INFO Formatted Log: 2025-04-28T10:12:56.855384+0300 [SECURITY EVENT] Failed login attempt
2025-04-28T10:13:03.199210+0300 INFO Formatted Log: 2025-04-28T10:12:58.855651+0300 [SECURITY EVENT] User logged out
2025-04-28T10:13:03.199228+0300 INFO Formatted Log: 2025-04-28T10:13:00.855909+0300 [SECURITY EVENT] User login successful
2025-04-28T10:13:03.199244+0300 INFO Formatted Log: 2025-04-28T10:13:02.856196+0300 [SECURITY EVENT] Firewall detached unusual traffic
2025-04-28T10:13:03.199261+0300 INFO Logs processed successfully!

2025-04-28T11:00:38.861083+0300 INFO Processing {len(logs)} new logs...
2025-04-28T11:00:38.873749+0300 INFO Formatted Log: 2025-03-13T15:12:28.969353+0300 [SECURITY EVENT] Failed login attempt
2025-04-28T11:00:38.873842+0300 INFO Formatted Log: 2025-03-13T15:12:30.975503+0300 [SECURITY EVENT] User logged out
2025-04-28T11:00:38.873897+0300 INFO Formatted Log: 2025-03-13T15:12:32.976097+0300 [SECURITY EVENT] User login successful
2025-04-28T11:00:38.873951+0300 INFO Formatted Log: 2025-03-13T15:12:34.976590+0300 [SECURITY EVENT] User logged out
2025-04-28T11:00:38.873986+0300 INFO Formatted Log: 2025-03-13T15:12:36.977180+0300 [SECURITY EVENT] Failed login attempt
2025-04-28T11:00:38.874006+0300 INFO Formatted Log: 2025-03-13T15:12:38.977693+0300 [SECURITY EVENT] Firewall detached unusual traffic
2025-04-28T11:00:38.874023+0300 INFO Formatted Log: 2025-03-13T15:12:40.978160+0300 [SECURITY EVENT] New SSH connection established
2025-04-28T11:00:38.874039+0300 INFO Formatted Log: 2025-03-13T15:12:42.980052+0300 [SECURITY EVENT] Failed login attempt
2025-04-28T11:00:38.874055+0300 INFO Formatted Log: 2025-03-13T15:12:44.980269+0300 [SECURITY EVENT] Security scan completed
2025-04-28T11:00:38.874074+0300 INFO Formatted Log: 2025-03-13T15:12:46.980547+0300 [SECURITY EVENT] User logged out
2025-04-28T11:00:38.874090+0300 INFO Formatted Log: 2025-03-13T15:12:48.980846+0300 [SECURITY EVENT] Firewall detached unusual traffic
2025-04-28T11:00:38.874107+0300 INFO Formatted Log: 2025-03-13T15:12:50.981380+0300 [SECURITY EVENT] Security scan completed
2025-04-28T11:00:38.874122+0300 INFO Formatted Log: 2025-03-13T15:12:52.988032+0300 [SECURITY EVENT] User logged out
2025-04-28T11:00:38.874136+0300 INFO Formatted Log: 2025-03-13T15:12:55.001203+0300 [SECURITY EVENT] Failed login attempt
2025-04-28T11:00:38.874151+0300 INFO Formatted Log: 2025-03-13T15:12:57.001740+0300 [SECURITY EVENT] Security scan completed
2025-04-28T11:00:38.874166+0300 INFO Formatted Log: 2025-03-13T15:12:59.002416+0300 [SECURITY EVENT] Firewall detached unusual traffic
2025-04-28T11:00:38.874182+0300 INFO Formatted Log: 2025-03-13T15:13:01.003008+0300 [SECURITY EVENT] Failed login attempt
2025-04-28T11:00:38.874197+0300 INFO Formatted Log: 2025-03-13T15:13:03.003548+0300 [SECURITY EVENT] Failed login attempt
2025-04-28T11:00:38.874212+0300 INFO Formatted Log: 2025-03-13T15:13:05.004038+0300 [SECURITY EVENT] User logged out
2025-04-28T11:00:38.874227+0300 INFO Formatted Log: 2025-03-13T15:13:07.011928+0300 [SECURITY EVENT] User login successful
2025-04-28T11:00:38.874242+0300 INFO Formatted Log: 2025-03-13T15:13:09.012498+0300 [SECURITY EVENT] Security scan completed
2025-04-28T11:00:38.874258+0300 INFO Formatted Log: 2025-03-13T15:13:11.012999+0300 [SECURITY EVENT] Firewall detached unusual traffic
2025-04-28T11:00:38.874274+0300 INFO Formatted Log: 2025-03-13T15:13:13.013701+0300 [SECURITY EVENT] Firewall detached unusual traffic
2025-04-28T11:00:38.874292+0300 INFO Formatted Log: 2025-03-13T15:13:15.014257+0300 [SECURITY EVENT] Security scan completed
2025-04-28T11:00:38.874326+0300 INFO Formatted Log: 2025-03-13T15:13:17.014914+0300 [SECURITY EVENT] Failed login attempt
2025-04-28T11:00:38.874356+0300 INFO Formatted Log: 2025-03-13T15:13:19.015388+0300 [SECURITY EVENT] Security scan completed
2025-04-28T11:00:38.874379+0300 INFO Formatted Log: 2025-03-13T15:13:21.015914+0300 [SECURITY EVENT] Firewall detached unusual traffic
2025-04-28T11:00:38.874399+0300 INFO Formatted Log: 2025-03-13T15:13:23.024542+0300 [SECURITY EVENT] New SSH connection established
2025-04-28T11:00:38.874417+0300 INFO Formatted Log: 2025-03-13T15:13:25.028081+0300 [SECURITY EVENT] User login successful
2025-04-28T11:00:38.874433+0300 INFO Formatted Log: 2025-03-13T15:13:27.028568+0300 [SECURITY EVENT] Failed login attempt
2025-04-28T11:00:38.874450+0300 INFO Formatted Log: 2025-03-13T15:13:29.029038+0300 [SECURITY EVENT] Failed login attempt
2025-04-28T11:00:38.874465+0300 INFO Formatted Log: 2025-03-13T15:13:31.040300+0300 [SECURITY EVENT] New SSH connection established
2025-04-28T11:00:38.874481+0300 INFO Formatted Log: 2025-03-13T15:13:33.045158+0300 [SECURITY EVENT] New SSH connection established
2025-04-28T11:00:38.874497+0300 INFO Formatted Log: 2025-03-13T15:13:35.045489+0300 [SECURITY EVENT] User logged out
2025-04-28T11:00:38.874514+0300 INFO Formatted Log: 2025-03-13T15:13:37.046129+0300 [SECURITY EVENT] User logged out
2025-04-28T11:00:38.874528+0300 INFO Formatted Log: 2025-03-13T15:13:39.046685+0300 [SECURITY EVENT] Security scan completed
2025-04-28T11:00:38.874548+0300 INFO Formatted Log: 2025-03-13T15:13:41.046994+0300 [SECURITY EVENT] Firewall detached unusual traffic
2025-04-28T11:00:38.874564+0300 INFO Formatted Log: 2025-03-13T15:13:43.047364+0300 [SECURITY EVENT] User logged out
2025-04-28T11:00:38.874579+0300 INFO Formatted Log: 2025-03-13T15:13:45.058991+0300 [SECURITY EVENT] User logged out
2025-04-28T11:00:38.874594+0300 INFO Formatted Log: 2025-03-13T15:13:47.059454+0300 [SECURITY EVENT] New SSH connection established
2025-04-28T11:00:38.874608+0300 INFO Formatted Log: 2025-03-13T15:13:49.059893+0300 [SECURITY EVENT] User login successful
2025-04-28T11:00:38.874623+0300 INFO Formatted Log: 2025-03-13T15:13:51.060391+0300 [SECURITY EVENT] Firewall detached unusual traffic
2025-04-28T11:00:38.874637+0300 INFO Formatted Log: 2025-03-13T15:13:53.068312+0300 [SECURITY EVENT] User logged out
2025-04-28T11:00:38.874652+0300 INFO Formatted Log: 2025-03-13T15:13:55.069006+0300 [SECURITY EVENT] Security scan completed
2025-04-28T11:00:38.874667+0300 INFO Formatted Log: 2025-03-13T15:13:57.069632+0300 [SECURITY EVENT] User logged out
2025-04-28T11:00:38.874681+0300 INFO Formatted Log: 2025-03-13T15:13:59.079565+0300 [SECURITY EVENT] Failed login attempt
2025-04-28T11:00:38.874696+0300 INFO Formatted Log: 2025-03-13T15:14:01.085344+0300 [SECURITY EVENT] User login successful
2025-04-28T11:00:38.874710+0300 INFO Formatted Log: 2025-03-13T15:14:03.085637+0300 [SECURITY EVENT] User login successful
2025-04-28T11:00:38.874725+0300 INFO Formatted Log: 2025-03-13T15:14:05.086244+0300 [SECURITY EVENT] Security scan completed
2025-04-28T11:00:38.874740+0300 INFO Formatted Log: 2025-03-13T15:14:07.086742+0300 [SECURITY EVENT] New SSH connection established
2025-04-28T11:00:38.874758+0300 INFO Formatted Log: 2025-03-13T15:14:09.087175+0300 [SECURITY EVENT] User logged out
2025-04-28T11:00:38.874773+0300 INFO Formatted Log: 2025-03-13T15:14:11.087724+0300 [SECURITY EVENT] Security scan completed
2025-04-28T11:00:38.874788+0300 INFO Formatted Log: 2025-03-13T15:14:13.088374+0300 [SECURITY EVENT] Security scan completed
2025-04-28T11:00:38.874804+0300 INFO Formatted Log: 2025-03-13T15:14:15.095011+0300 [SECURITY EVENT] Failed login attempt
2025-04-28T11:00:38.874822+0300 INFO Formatted Log: 2025-03-13T15:14:17.106185+0300 [SECURITY EVENT] Security scan completed
2025-04-28T11:00:38.874839+0300 INFO Formatted Log: 2025-03-13T15:20:05.106048+0300 [SECURITY EVENT] New SSH connection established
2025-04-28T11:00:38.874855+0300 INFO Formatted Log: 2025-03-13T15:20:07.116891+0300 [SECURITY EVENT] User login successful
2025-04-28T11:00:38.874872+0300 INFO Formatted Log: 2025-03-13T15:20:09.118233+0300 [SECURITY EVENT] User login successful
2025-04-28T11:00:38.874887+0300 INFO Formatted Log: 2025-03-13T15:20:11.118766+0300 [SECURITY EVENT] Security scan completed
2025-04-28T11:00:38.874902+0300 INFO Formatted Log: 2025-03-13T15:20:13.119993+0300 [SECURITY EVENT] User login successful
2025-04-28T11:00:38.874917+0300 INFO Formatted Log: 2025-03-13T15:20:15.120805+0300 [SECURITY EVENT] User logged out
2025-04-28T11:00:38.874932+0300 INFO Formatted Log: 2025-03-13T15:20:17.126356+0300 [SECURITY EVENT] New SSH connection established
2025-04-28T11:00:38.874947+0300 INFO Formatted Log: 2025-03-13T15:20:19.129964+0300 [SECURITY EVENT] User login successful
2025-04-28T11:00:38.874961+0300 INFO Formatted Log: 2025-03-13T15:20:21.132202+0300 [SECURITY EVENT] Security scan completed
2025-04-28T11:00:38.874976+0300 INFO Formatted Log: 2025-03-13T15:20:23.132467+0300 [SECURITY EVENT] User logged out
2025-04-28T11:00:38.874990+0300 INFO Formatted Log: 2025-03-13T15:20:25.132823+0300 [SECURITY EVENT] Firewall detached unusual traffic
2025-04-28T11:00:38.875047+0300 INFO Formatted Log: 2025-03-13T15:20:27.133415+0300 [SECURITY EVENT] New SSH connection established
2025-04-28T11:00:38.875099+0300 INFO Formatted Log: 2025-03-13T15:20:29.133895+0300 [SECURITY EVENT] Firewall detached unusual traffic
2025-04-28T11:00:38.875124+0300 INFO Formatted Log: 2025-03-13T15:20:31.134455+0300 [SECURITY EVENT] User logged out
2025-04-28T11:00:38.875163+0300 INFO Formatted Log: 2025-03-13T15:20:33.135220+0300 [SECURITY EVENT] User logged out
2025-04-28T11:00:38.875194+0300 INFO Formatted Log: 2025-03-13T15:20:35.135703+0300 [SECURITY EVENT] User login successful
2025-04-28T11:00:38.875236+0300 INFO Formatted Log: 2025-03-13T15:20:37.136286+0300 [SECURITY EVENT] Security scan completed
2025-04-28T11:00:38.875267+0300 INFO Formatted Log: 2025-03-13T15:20:39.137007+0300 [SECURITY EVENT] User logged out
2025-04-28T11:00:38.875303+0300 INFO Formatted Log: 2025-03-13T15:20:41.137682+0300 [SECURITY EVENT] User logged out
2025-04-28T11:00:38.875333+0300 INFO Formatted Log: 2025-03-13T15:20:43.138262+0300 [SECURITY EVENT] User login successful
2025-04-28T11:00:38.875368+0300 INFO Formatted Log: 2025-03-13T15:20:45.138803+0300 [SECURITY EVENT] Firewall detached unusual traffic
2025-04-28T11:00:38.875404+0300 INFO Formatted Log: 2025-03-13T15:20:47.139105+0300 [SECURITY EVENT] New SSH connection established
2025-04-28T11:00:38.875424+0300 INFO Formatted Log: 2025-03-13T15:20:49.146539+0300 [SECURITY EVENT] Security scan completed
2025-04-28T11:00:38.875459+0300 INFO Formatted Log: 2025-03-13T15:20:51.146914+0300 [SECURITY EVENT] User logged out
2025-04-28T11:00:38.875488+0300 INFO Formatted Log: 2025-03-13T15:20:53.151548+0300 [SECURITY EVENT] Failed login attempt
2025-04-28T11:00:38.875507+0300 INFO Formatted Log: 2025-03-13T15:20:55.152104+0300 [SECURITY EVENT] Security scan completed
2025-04-28T11:00:38.875540+0300 INFO Formatted Log: 2025-03-13T15:20:57.152560+0300 [SECURITY EVENT] New SSH connection established
2025-04-28T11:00:38.875561+0300 INFO Formatted Log: 2025-04-28T09:50:03.186965+0300 [SECURITY EVENT] User logged out
2025-04-28T11:00:38.875596+0300 INFO Formatted Log: 2025-04-28T09:50:05.188436+0300 [SECURITY EVENT] Security scan completed
2025-04-28T11:00:38.875627+0300 INFO Formatted Log: 2025-04-28T09:50:07.188749+0300 [SECURITY EVENT] Security scan completed
2025-04-28T11:00:38.875664+0300 INFO Formatted Log: 2025-04-28T09:50:09.189063+0300 [SECURITY EVENT] Firewall detached unusual traffic
2025-04-28T11:00:38.875695+0300 INFO Formatted Log: 2025-04-28T09:50:11.189349+0300 [SECURITY EVENT] New SSH connection established
2025-04-28T11:00:38.875730+0300 INFO Formatted Log: 2025-04-28T09:50:13.189735+0300 [SECURITY EVENT] New SSH connection established
2025-04-28T11:00:38.875766+0300 INFO Formatted Log: 2025-04-28T09:50:15.190099+0300 [SECURITY EVENT] User logged out
2025-04-28T11:00:38.875786+0300 INFO Formatted Log: 2025-04-28T09:51:46.261202+0300 [SECURITY EVENT] New SSH connection established
2025-04-28T11:00:38.875821+0300 INFO Formatted Log: 2025-04-28T09:51:48.274684+0300 [SECURITY EVENT] User login successful
2025-04-28T11:00:38.875841+0300 INFO Formatted Log: 2025-04-28T09:51:50.275003+0300 [SECURITY EVENT] New SSH connection established
2025-04-28T11:00:38.875877+0300 INFO Formatted Log: 2025-04-28T09:51:52.275454+0300 [SECURITY EVENT] Failed login attempt
2025-04-28T11:00:38.875906+0300 INFO Formatted Log: 2025-04-28T09:51:54.275702+0300 [SECURITY EVENT] Failed login attempt
2025-04-28T11:00:38.875940+0300 INFO Formatted Log: 2025-04-28T09:51:56.275959+0300 [SECURITY EVENT] Security scan completed
2025-04-28T11:00:38.875970+0300 INFO Formatted Log: 2025-04-28T09:51:58.276482+0300 [SECURITY EVENT] New SSH connection established
2025-04-28T11:00:38.876005+0300 INFO Formatted Log: 2025-04-28T09:52:00.276872+0300 [SECURITY EVENT] Failed login attempt
2025-04-28T11:00:38.876034+0300 INFO Formatted Log: 2025-04-28T09:52:02.277113+0300 [SECURITY EVENT] New SSH connection established
2025-04-28T11:00:38.876069+0300 INFO Formatted Log: 2025-04-28T09:52:04.277347+0300 [SECURITY EVENT] Failed login attempt
2025-04-28T11:00:38.876103+0300 INFO Formatted Log: 2025-04-28T09:52:06.277591+0300 [SECURITY EVENT] Failed login attempt
2025-04-28T11:00:38.876123+0300 INFO Formatted Log: 2025-04-28T09:52:08.277896+0300 [SECURITY EVENT] User login successful
2025-04-28T11:00:38.876160+0300 INFO Formatted Log: 2025-04-28T09:52:10.278197+0300 [SECURITY EVENT] User login successful
2025-04-28T11:00:38.876181+0300 INFO Formatted Log: 2025-04-28T09:52:12.278454+0300 [SECURITY EVENT] Failed login attempt
2025-04-28T11:00:38.876215+0300 INFO Formatted Log: 2025-04-28T09:52:14.278720+0300 [SECURITY EVENT] User login successful
2025-04-28T11:00:38.876245+0300 INFO Formatted Log: 2025-04-28T09:52:16.279037+0300 [SECURITY EVENT] Failed login attempt
2025-04-28T11:00:38.876281+0300 INFO Formatted Log: 2025-04-28T09:52:18.280324+0300 [SECURITY EVENT] User login successful
2025-04-28T11:00:38.876311+0300 INFO Formatted Log: 2025-04-28T09:52:20.282405+0300 [SECURITY EVENT] User login successful
2025-04-28T11:00:38.876376+0300 INFO Formatted Log: 2025-04-28T09:52:22.282662+0300 [SECURITY EVENT] Failed login attempt
2025-04-28T11:00:38.876420+0300 INFO Formatted Log: 2025-04-28T09:52:24.282902+0300 [SECURITY EVENT] New SSH connection established
2025-04-28T11:00:38.876459+0300 INFO Formatted Log: 2025-04-28T09:52:26.283346+0300 [SECURITY EVENT] User logged out
2025-04-28T11:00:38.876491+0300 INFO Formatted Log: 2025-04-28T09:52:28.284354+0300 [SECURITY EVENT] User logged out
2025-04-28T11:00:38.876512+0300 INFO Formatted Log: 2025-04-28T09:52:30.284671+0300 [SECURITY EVENT] Security scan completed
2025-04-28T11:00:38.876549+0300 INFO Formatted Log: 2025-04-28T09:52:32.284917+0300 [SECURITY EVENT] New SSH connection established
2025-04-28T11:00:38.876580+0300 INFO Formatted Log: 2025-04-28T09:52:34.285139+0300 [SECURITY EVENT] Firewall detached unusual traffic
2025-04-28T11:00:38.876616+0300 INFO Formatted Log: 2025-04-28T10:09:04.681086+0300 [SECURITY EVENT] User login successful
2025-04-28T11:00:38.876645+0300 INFO Formatted Log: 2025-04-28T10:09:06.692974+0300 [SECURITY EVENT] Failed login attempt
2025-04-28T11:00:38.876680+0300 INFO Formatted Log: 2025-04-28T10:09:08.693512+0300 [SECURITY EVENT] User login successful
2025-04-28T11:00:38.876711+0300 INFO Formatted Log: 2025-04-28T10:09:10.693982+0300 [SECURITY EVENT] User login successful
2025-04-28T11:00:38.876747+0300 INFO Formatted Log: 2025-04-28T10:09:12.694413+0300 [SECURITY EVENT] New SSH connection established
2025-04-28T11:00:38.876785+0300 INFO Formatted Log: 2025-04-28T10:09:14.694720+0300 [SECURITY EVENT] User login successful
2025-04-28T11:00:38.876809+0300 INFO Formatted Log: 2025-04-28T10:09:16.695316+0300 [SECURITY EVENT] Security scan completed
2025-04-28T11:00:38.876845+0300 INFO Formatted Log: 2025-04-28T10:09:18.696046+0300 [SECURITY EVENT] New SSH connection established
2025-04-28T11:00:38.876876+0300 INFO Formatted Log: 2025-04-28T10:09:20.696503+0300 [SECURITY EVENT] Firewall detached unusual traffic
2025-04-28T11:00:38.876913+0300 INFO Formatted Log: 2025-04-28T10:09:22.700646+0300 [SECURITY EVENT] New SSH connection established
2025-04-28T11:00:38.876948+0300 INFO Formatted Log: 2025-04-28T10:09:24.700956+0300 [SECURITY EVENT] User login successful
2025-04-28T11:00:38.876986+0300 INFO Formatted Log: 2025-04-28T10:09:26.704857+0300 [SECURITY EVENT] User login successful
2025-04-28T11:00:38.877023+0300 INFO Formatted Log: 2025-04-28T10:09:28.716579+0300 [SECURITY EVENT] Firewall detached unusual traffic
2025-04-28T11:00:38.877045+0300 INFO Formatted Log: 2025-04-28T10:09:30.716838+0300 [SECURITY EVENT] Security scan completed
2025-04-28T11:00:38.877081+0300 INFO Formatted Log: 2025-04-28T10:09:32.717725+0300 [SECURITY EVENT] Security scan completed
2025-04-28T11:00:38.877112+0300 INFO Formatted Log: 2025-04-28T10:09:34.717969+0300 [SECURITY EVENT] User login successful
2025-04-28T11:00:38.877147+0300 INFO Formatted Log: 2025-04-28T10:09:36.718827+0300 [SECURITY EVENT] Security scan completed
2025-04-28T11:00:38.877177+0300 INFO Formatted Log: 2025-04-28T10:09:38.719708+0300 [SECURITY EVENT] Security scan completed
2025-04-28T11:00:38.877213+0300 INFO Formatted Log: 2025-04-28T10:09:40.731009+0300 [SECURITY EVENT] User login successful
2025-04-28T11:00:38.877249+0300 INFO Formatted Log: 2025-04-28T10:09:42.731261+0300 [SECURITY EVENT] Failed login attempt
2025-04-28T11:00:38.877271+0300 INFO Formatted Log: 2025-04-28T10:09:44.731518+0300 [SECURITY EVENT] Failed login attempt
2025-04-28T11:00:38.877308+0300 INFO Formatted Log: 2025-04-28T10:09:46.732002+0300 [SECURITY EVENT] Security scan completed
2025-04-28T11:00:38.877338+0300 INFO Formatted Log: 2025-04-28T10:09:48.732273+0300 [SECURITY EVENT] Security scan completed
2025-04-28T11:00:38.877374+0300 INFO Formatted Log: 2025-04-28T10:09:50.732548+0300 [SECURITY EVENT] User login successful
2025-04-28T11:00:38.877404+0300 INFO Formatted Log: 2025-04-28T10:09:52.732844+0300 [SECURITY EVENT] Failed login attempt
2025-04-28T11:00:38.877438+0300 INFO Formatted Log: 2025-04-28T10:09:54.733079+0300 [SECURITY EVENT] Firewall detached unusual traffic
2025-04-28T11:00:38.877474+0300 INFO Formatted Log: 2025-04-28T10:09:56.733333+0300 [SECURITY EVENT] User login successful
2025-04-28T11:00:38.877493+0300 INFO Formatted Log: 2025-04-28T10:09:58.733595+0300 [SECURITY EVENT] Failed login attempt
2025-04-28T11:00:38.877527+0300 INFO Formatted Log: 2025-04-28T10:10:00.733850+0300 [SECURITY EVENT] User login successful
2025-04-28T11:00:38.877556+0300 INFO Formatted Log: 2025-04-28T10:10:02.734095+0300 [SECURITY EVENT] User logged out
2025-04-28T11:00:38.877576+0300 INFO Formatted Log: 2025-04-28T10:10:04.735412+0300 [SECURITY EVENT] User login successful
2025-04-28T11:00:38.877611+0300 INFO Formatted Log: 2025-04-28T10:10:06.735686+0300 [SECURITY EVENT] New SSH connection established
2025-04-28T11:00:38.877630+0300 INFO Formatted Log: 2025-04-28T10:10:08.735944+0300 [SECURITY EVENT] User login successful
2025-04-28T11:00:38.877664+0300 INFO Formatted Log: 2025-04-28T10:10:10.736223+0300 [SECURITY EVENT] User login successful
2025-04-28T11:00:38.877694+0300 INFO Formatted Log: 2025-04-28T10:10:12.736505+0300 [SECURITY EVENT] Security scan completed
2025-04-28T11:00:38.877729+0300 INFO Formatted Log: 2025-04-28T10:10:14.736772+0300 [SECURITY EVENT] User logged out
2025-04-28T11:00:38.877758+0300 INFO Formatted Log: 2025-04-28T10:10:16.747983+0300 [SECURITY EVENT] New SSH connection established
2025-04-28T11:00:38.877793+0300 INFO Formatted Log: 2025-04-28T10:10:18.748256+0300 [SECURITY EVENT] Security scan completed
2025-04-28T11:00:38.877821+0300 INFO Formatted Log: 2025-04-28T10:10:20.748568+0300 [SECURITY EVENT] Firewall detached unusual traffic
2025-04-28T11:00:38.877856+0300 INFO Formatted Log: 2025-04-28T10:10:22.748892+0300 [SECURITY EVENT] Failed login attempt
2025-04-28T11:00:38.877892+0300 INFO Formatted Log: 2025-04-28T10:10:24.749138+0300 [SECURITY EVENT] Failed login attempt
2025-04-28T11:00:38.877912+0300 INFO Formatted Log: 2025-04-28T10:10:26.759758+0300 [SECURITY EVENT] User logged out
2025-04-28T11:00:38.877946+0300 INFO Formatted Log: 2025-04-28T10:10:28.760033+0300 [SECURITY EVENT] Firewall detached unusual traffic
2025-04-28T11:00:38.877975+0300 INFO Formatted Log: 2025-04-28T10:10:30.760312+0300 [SECURITY EVENT] Firewall detached unusual traffic
2025-04-28T11:00:38.877996+0300 INFO Formatted Log: 2025-04-28T10:10:32.760729+0300 [SECURITY EVENT] Firewall detached unusual traffic
2025-04-28T11:00:38.878031+0300 INFO Formatted Log: 2025-04-28T10:10:34.760957+0300 [SECURITY EVENT] User login successful
2025-04-28T11:00:38.878061+0300 INFO Formatted Log: 2025-04-28T10:10:36.761311+0300 [SECURITY EVENT] Failed login attempt
2025-04-28T11:00:38.878081+0300 INFO Formatted Log: 2025-04-28T10:10:38.761635+0300 [SECURITY EVENT] Security scan completed
2025-04-28T11:00:38.880482+0300 INFO Formatted Log: 2025-04-28T10:10:40.772571+0300 [SECURITY EVENT] New SSH connection established
2025-04-28T11:00:38.880535+0300 INFO Formatted Log: 2025-04-28T10:10:42.777087+0300 [SECURITY EVENT] Failed login attempt
2025-04-28T11:00:38.880579+0300 INFO Formatted Log: 2025-04-28T10:10:44.777364+0300 [SECURITY EVENT] Firewall detached unusual traffic
2025-04-28T11:00:38.880621+0300 INFO Formatted Log: 2025-04-28T10:10:46.777654+0300 [SECURITY EVENT] New SSH connection established
2025-04-28T11:00:38.880666+0300 INFO Formatted Log: 2025-04-28T10:10:48.782993+0300 [SECURITY EVENT] Security scan completed
2025-04-28T11:00:38.880696+0300 INFO Formatted Log: 2025-04-28T10:10:50.783251+0300 [SECURITY EVENT] Failed login attempt
2025-04-28T11:00:38.880735+0300 INFO Formatted Log: 2025-04-28T10:10:52.783483+0300 [SECURITY EVENT] User login successful
2025-04-28T11:00:38.880766+0300 INFO Formatted Log: 2025-04-28T10:10:54.783799+0300 [SECURITY EVENT] User logged out
2025-04-28T11:00:38.880803+0300 INFO Formatted Log: 2025-04-28T10:10:56.784074+0300 [SECURITY EVENT] User logged out
2025-04-28T11:00:38.880839+0300 INFO Formatted Log: 2025-04-28T10:10:58.784760+0300 [SECURITY EVENT] Failed login attempt
2025-04-28T11:00:38.880860+0300 INFO Formatted Log: 2025-04-28T10:11:00.785022+0300 [SECURITY EVENT] User logged out
2025-04-28T11:00:38.880895+0300 INFO Formatted Log: 2025-04-28T10:11:02.785438+0300 [SECURITY EVENT] User logged out
2025-04-28T11:00:38.880927+0300 INFO Formatted Log: 2025-04-28T10:11:04.789505+0300 [SECURITY EVENT] Security scan completed
2025-04-28T11:00:38.880947+0300 INFO Formatted Log: 2025-04-28T10:11:06.790929+0300 [SECURITY EVENT] Firewall detached unusual traffic
2025-04-28T11:00:38.880967+0300 INFO Formatted Log: 2025-04-28T10:11:08.791179+0300 [SECURITY EVENT] New SSH connection established
2025-04-28T11:00:38.880987+0300 INFO Formatted Log: 2025-04-28T10:11:10.791474+0300 [SECURITY EVENT] User logged out
2025-04-28T11:00:38.881006+0300 INFO Formatted Log: 2025-04-28T10:11:12.791749+0300 [SECURITY EVENT] Failed login attempt
2025-04-28T11:00:38.881025+0300 INFO Formatted Log: 2025-04-28T10:11:14.792017+0300 [SECURITY EVENT] User login successful
2025-04-28T11:00:38.881043+0300 INFO Formatted Log: 2025-04-28T10:11:16.792339+0300 [SECURITY EVENT] New SSH connection established
2025-04-28T11:00:38.881062+0300 INFO Formatted Log: 2025-04-28T10:11:18.792661+0300 [SECURITY EVENT] User logged out
2025-04-28T11:00:38.881080+0300 INFO Formatted Log: 2025-04-28T10:11:20.792946+0300 [SECURITY EVENT] Failed login attempt
2025-04-28T11:00:38.881099+0300 INFO Formatted Log: 2025-04-28T10:11:22.801373+0300 [SECURITY EVENT] User logged out
2025-04-28T11:00:38.881117+0300 INFO Formatted Log: 2025-04-28T10:11:24.801775+0300 [SECURITY EVENT] Security scan completed
2025-04-28T11:00:38.881135+0300 INFO Formatted Log: 2025-04-28T10:11:26.802135+0300 [SECURITY EVENT] User logged out
2025-04-28T11:00:38.881153+0300 INFO Formatted Log: 2025-04-28T10:11:28.802577+0300 [SECURITY EVENT] Failed login attempt
2025-04-28T11:00:38.881171+0300 INFO Formatted Log: 2025-04-28T10:11:30.810616+0300 [SECURITY EVENT] Firewall detached unusual traffic
2025-04-28T11:00:38.881190+0300 INFO Formatted Log: 2025-04-28T10:11:32.810884+0300 [SECURITY EVENT] User login successful
2025-04-28T11:00:38.881208+0300 INFO Formatted Log: 2025-04-28T10:11:34.817237+0300 [SECURITY EVENT] Security scan completed
2025-04-28T11:00:38.881226+0300 INFO Formatted Log: 2025-04-28T10:11:36.817549+0300 [SECURITY EVENT] User logged out
2025-04-28T11:00:38.881244+0300 INFO Formatted Log: 2025-04-28T10:11:38.817826+0300 [SECURITY EVENT] Firewall detached unusual traffic
2025-04-28T11:00:38.881262+0300 INFO Formatted Log: 2025-04-28T10:11:40.822757+0300 [SECURITY EVENT] New SSH connection established
2025-04-28T11:00:38.881280+0300 INFO Formatted Log: 2025-04-28T10:11:42.824853+0300 [SECURITY EVENT] New SSH connection established
2025-04-28T11:00:38.881299+0300 INFO Formatted Log: 2025-04-28T10:11:44.825120+0300 [SECURITY EVENT] User login successful
2025-04-28T11:00:38.881317+0300 INFO Formatted Log: 2025-04-28T10:11:46.825361+0300 [SECURITY EVENT] Security scan completed
2025-04-28T11:00:38.881334+0300 INFO Formatted Log: 2025-04-28T10:11:48.825714+0300 [SECURITY EVENT] User login successful
2025-04-28T11:00:38.881352+0300 INFO Formatted Log: 2025-04-28T10:11:50.826022+0300 [SECURITY EVENT] User logged out
2025-04-28T11:00:38.881370+0300 INFO Formatted Log: 2025-04-28T10:11:52.826695+0300 [SECURITY EVENT] User login successful
2025-04-28T11:00:38.881388+0300 INFO Formatted Log: 2025-04-28T10:11:54.826922+0300 [SECURITY EVENT] Firewall detached unusual traffic
2025-04-28T11:00:38.881409+0300 INFO Formatted Log: 2025-04-28T10:11:56.827160+0300 [SECURITY EVENT] New SSH connection established
2025-04-28T11:00:38.881428+0300 INFO Formatted Log: 2025-04-28T10:11:58.827850+0300 [SECURITY EVENT] Firewall detached unusual traffic
2025-04-28T11:00:38.881446+0300 INFO Formatted Log: 2025-04-28T10:12:00.828199+0300 [SECURITY EVENT] New SSH connection established
2025-04-28T11:00:38.881462+0300 INFO Formatted Log: 2025-04-28T10:12:02.828765+0300 [SECURITY EVENT] Firewall detached unusual traffic
2025-04-28T11:00:38.881477+0300 INFO Formatted Log: 2025-04-28T10:12:04.829392+0300 [SECURITY EVENT] User login successful
2025-04-28T11:00:38.881492+0300 INFO Formatted Log: 2025-04-28T10:12:06.829756+0300 [SECURITY EVENT] New SSH connection established
2025-04-28T11:00:38.881507+0300 INFO Formatted Log: 2025-04-28T10:12:08.830224+0300 [SECURITY EVENT] Security scan completed
2025-04-28T11:00:38.881521+0300 INFO Formatted Log: 2025-04-28T10:12:10.832396+0300 [SECURITY EVENT] Firewall detached unusual traffic
2025-04-28T11:00:38.881536+0300 INFO Formatted Log: 2025-04-28T10:12:12.832945+0300 [SECURITY EVENT] Security scan completed
2025-04-28T11:00:38.881550+0300 INFO Formatted Log: 2025-04-28T10:12:14.833447+0300 [SECURITY EVENT] Security scan completed
2025-04-28T11:00:38.881565+0300 INFO Formatted Log: 2025-04-28T10:12:16.834020+0300 [SECURITY EVENT] User logged out
2025-04-28T11:00:38.881580+0300 INFO Formatted Log: 2025-04-28T10:12:18.834961+0300 [SECURITY EVENT] User login successful
2025-04-28T11:00:38.881595+0300 INFO Formatted Log: 2025-04-28T10:12:20.835378+0300 [SECURITY EVENT] User logged out
2025-04-28T11:00:38.881610+0300 INFO Formatted Log: 2025-04-28T10:12:22.840750+0300 [SECURITY EVENT] Failed login attempt
2025-04-28T11:00:38.881626+0300 INFO Formatted Log: 2025-04-28T10:12:24.841229+0300 [SECURITY EVENT] Security scan completed
2025-04-28T11:00:38.881641+0300 INFO Formatted Log: 2025-04-28T10:12:26.841706+0300 [SECURITY EVENT] New SSH connection established
2025-04-28T11:00:38.881657+0300 INFO Formatted Log: 2025-04-28T10:12:28.842203+0300 [SECURITY EVENT] New SSH connection established
2025-04-28T11:00:38.881672+0300 INFO Formatted Log: 2025-04-28T10:12:30.845181+0300 [SECURITY EVENT] Failed login attempt
2025-04-28T11:00:38.881686+0300 INFO Formatted Log: 2025-04-28T10:12:32.845568+0300 [SECURITY EVENT] Firewall detached unusual traffic
2025-04-28T11:00:38.881701+0300 INFO Formatted Log: 2025-04-28T10:12:34.845948+0300 [SECURITY EVENT] User logged out
2025-04-28T11:00:38.881715+0300 INFO Formatted Log: 2025-04-28T10:12:36.846482+0300 [SECURITY EVENT] New SSH connection established
2025-04-28T11:00:38.881729+0300 INFO Formatted Log: 2025-04-28T10:12:38.846822+0300 [SECURITY EVENT] Failed login attempt
2025-04-28T11:00:38.881744+0300 INFO Formatted Log: 2025-04-28T10:12:40.847310+0300 [SECURITY EVENT] Firewall detached unusual traffic
2025-04-28T11:00:38.881758+0300 INFO Formatted Log: 2025-04-28T10:12:42.847702+0300 [SECURITY EVENT] Security scan completed
2025-04-28T11:00:38.881773+0300 INFO Formatted Log: 2025-04-28T10:12:44.848180+0300 [SECURITY EVENT] User login successful
2025-04-28T11:00:38.881787+0300 INFO Formatted Log: 2025-04-28T10:12:46.848643+0300 [SECURITY EVENT] Failed login attempt
2025-04-28T11:00:38.881802+0300 INFO Formatted Log: 2025-04-28T10:12:48.849019+0300 [SECURITY EVENT] Security scan completed
2025-04-28T11:00:38.881817+0300 INFO Formatted Log: 2025-04-28T10:12:50.849363+0300 [SECURITY EVENT] Firewall detached unusual traffic
2025-04-28T11:00:38.881832+0300 INFO Formatted Log: 2025-04-28T10:12:52.854826+0300 [SECURITY EVENT] User logged out
2025-04-28T11:00:38.881846+0300 INFO Formatted Log: 2025-04-28T10:12:54.855131+0300 [SECURITY EVENT] Firewall detached unusual traffic
2025-04-28T11:00:38.881861+0300 INFO Formatted Log: 2025-04-28T10:12:56.855384+0300 [SECURITY EVENT] Failed login attempt
2025-04-28T11:00:38.881875+0300 INFO Formatted Log: 2025-04-28T10:12:58.855651+0300 [SECURITY EVENT] User logged out
2025-04-28T11:00:38.881892+0300 INFO Formatted Log: 2025-04-28T10:13:00.855909+0300 [SECURITY EVENT] User login successful
2025-04-28T11:00:38.881907+0300 INFO Formatted Log: 2025-04-28T10:13:02.856196+0300 [SECURITY EVENT] Firewall detached unusual traffic
2025-04-28T11:00:38.881921+0300 INFO Formatted Log: 2025-04-28T10:13:04.856459+0300 [SECURITY EVENT] Firewall detached unusual traffic
2025-04-28T11:00:38.881936+0300 INFO Formatted Log: 2025-04-28T10:13:06.856751+0300 [SECURITY EVENT] Security scan completed
2025-04-28T11:00:38.881951+0300 INFO Formatted Log: 2025-04-28T10:13:08.857017+0300 [SECURITY EVENT] Firewall detached unusual traffic
2025-04-28T11:00:38.881966+0300 INFO Formatted Log: 2025-04-28T10:13:10.857235+0300 [SECURITY EVENT] Firewall detached unusual traffic
2025-04-28T11:00:38.881981+0300 INFO Formatted Log: 2025-04-28T10:13:12.862334+0300 [SECURITY EVENT] User logged out
2025-04-28T11:00:38.881995+0300 INFO Formatted Log: 2025-04-28T10:34:03.318663+0300 [SECURITY EVENT] Failed login attempt
2025-04-28T11:00:38.882010+0300 INFO Formatted Log: 2025-04-28T10:34:05.319038+0300 [SECURITY EVENT] Security scan completed
2025-04-28T11:00:38.882024+0300 INFO Formatted Log: 2025-04-28T10:34:07.319581+0300 [SECURITY EVENT] User logged out
2025-04-28T11:00:38.882039+0300 INFO Formatted Log: 2025-04-28T10:34:09.319871+0300 [SECURITY EVENT] Failed login attempt
2025-04-28T11:00:38.882053+0300 INFO Formatted Log: 2025-04-28T10:34:11.320147+0300 [SECURITY EVENT] Firewall detached unusual traffic
2025-04-28T11:00:38.882069+0300 INFO Logs processed successfully!

2025-04-28T11:00:48.882389+0300 INFO No new logs to process.
2025-04-28T11:00:58.882824+0300 INFO Processing {len(logs)} new logs...
2025-04-28T11:00:58.882978+0300 INFO Formatted Log: 2025-04-28T11:00:54.008471+0300 [SECURITY EVENT] New SSH connection established
2025-04-28T11:00:58.883013+0300 INFO Formatted Log: 2025-04-28T11:00:56.014753+0300 [SECURITY EVENT] Failed login attempt
2025-04-28T11:00:58.883037+0300 INFO Formatted Log: 2025-04-28T11:00:58.027887+0300 [SECURITY EVENT] New SSH connection established
2025-04-28T11:00:58.883057+0300 INFO Logs processed successfully!

2025-04-28T11:01:08.883315+0300 INFO Processing {len(logs)} new logs...
2025-04-28T11:01:08.883439+0300 INFO Formatted Log: 2025-04-28T11:01:00.028672+0300 [SECURITY EVENT] Failed login attempt
2025-04-28T11:01:08.883482+0300 INFO Formatted Log: 2025-04-28T11:01:02.029157+0300 [SECURITY EVENT] User logged out
2025-04-28T11:01:08.883506+0300 INFO Formatted Log: 2025-04-28T11:01:04.029437+0300 [SECURITY EVENT] New SSH connection established
2025-04-28T11:01:08.883527+0300 INFO Formatted Log: 2025-04-28T11:01:06.029740+0300 [SECURITY EVENT] User login successful
2025-04-28T11:01:08.883545+0300 INFO Formatted Log: 2025-04-28T11:01:08.030227+0300 [SECURITY EVENT] New SSH connection established
2025-04-28T11:01:08.883562+0300 INFO Logs processed successfully!

2025-04-28T11:01:18.884010+0300 INFO Processing {len(logs)} new logs...
2025-04-28T11:01:18.884195+0300 INFO Formatted Log: 2025-04-28T11:01:10.030492+0300 [SECURITY EVENT] Failed login attempt
2025-04-28T11:01:18.884416+0300 INFO Formatted Log: 2025-04-28T11:01:12.030805+0300 [SECURITY EVENT] New SSH connection established
2025-04-28T11:01:18.884508+0300 INFO Formatted Log: 2025-04-28T11:01:14.031302+0300 [SECURITY EVENT] User logged out
2025-04-28T11:01:18.884581+0300 INFO Formatted Log: 2025-04-28T11:01:16.031781+0300 [SECURITY EVENT] Security scan completed
2025-04-28T11:01:18.884646+0300 INFO Formatted Log: 2025-04-28T11:01:18.032297+0300 [SECURITY EVENT] Firewall detached unusual traffic
2025-04-28T11:01:18.884706+0300 INFO Logs processed successfully!

2025-04-28T11:01:28.885111+0300 INFO Processing {len(logs)} new logs...
2025-04-28T11:01:28.885296+0300 INFO Formatted Log: 2025-04-28T11:01:20.033344+0300 [SECURITY EVENT] Firewall detached unusual traffic
2025-04-28T11:01:28.885371+0300 INFO Formatted Log: 2025-04-28T11:01:22.034741+0300 [SECURITY EVENT] Firewall detached unusual traffic
2025-04-28T11:01:28.885447+0300 INFO Formatted Log: 2025-04-28T11:01:24.035524+0300 [SECURITY EVENT] New SSH connection established
2025-04-28T11:01:28.885507+0300 INFO Formatted Log: 2025-04-28T11:01:26.036036+0300 [SECURITY EVENT] Failed login attempt
2025-04-28T11:01:28.885564+0300 INFO Formatted Log: 2025-04-28T11:01:28.036546+0300 [SECURITY EVENT] Firewall detached unusual traffic
2025-04-28T11:01:28.885618+0300 INFO Logs processed successfully!

2025-04-28T11:01:38.886039+0300 INFO Processing {len(logs)} new logs...
2025-04-28T11:01:38.886234+0300 INFO Formatted Log: 2025-04-28T11:01:30.037036+0300 [SECURITY EVENT] Firewall detached unusual traffic
2025-04-28T11:01:38.886314+0300 INFO Formatted Log: 2025-04-28T11:01:32.037524+0300 [SECURITY EVENT] User login successful
2025-04-28T11:01:38.886430+0300 INFO Formatted Log: 2025-04-28T11:01:34.038117+0300 [SECURITY EVENT] User logged out
2025-04-28T11:01:38.886494+0300 INFO Formatted Log: 2025-04-28T11:01:36.038747+0300 [SECURITY EVENT] Security scan completed
2025-04-28T11:01:38.886555+0300 INFO Formatted Log: 2025-04-28T11:01:38.039433+0300 [SECURITY EVENT] Firewall detached unusual traffic
2025-04-28T11:01:38.886612+0300 INFO Logs processed successfully!

2025-04-28T11:01:48.887048+0300 INFO Processing {len(logs)} new logs...
2025-04-28T11:01:48.887232+0300 INFO Formatted Log: 2025-04-28T11:01:40.039939+0300 [SECURITY EVENT] Failed login attempt
2025-04-28T11:01:48.887305+0300 INFO Formatted Log: 2025-04-28T11:01:42.047491+0300 [SECURITY EVENT] User logged out
2025-04-28T11:01:48.887644+0300 INFO Formatted Log: 2025-04-28T11:01:44.048122+0300 [SECURITY EVENT] Firewall detached unusual traffic
2025-04-28T11:01:48.887718+0300 INFO Formatted Log: 2025-04-28T11:01:46.048652+0300 [SECURITY EVENT] User login successful
2025-04-28T11:01:48.887778+0300 INFO Formatted Log: 2025-04-28T11:01:48.049100+0300 [SECURITY EVENT] Firewall detached unusual traffic
2025-04-28T11:01:48.887835+0300 INFO Logs processed successfully!

2025-04-28T11:01:58.888336+0300 INFO Processing {len(logs)} new logs...
2025-04-28T11:01:58.888535+0300 INFO Formatted Log: 2025-04-28T11:01:50.049771+0300 [SECURITY EVENT] Failed login attempt
2025-04-28T11:01:58.888610+0300 INFO Formatted Log: 2025-04-28T11:01:52.050096+0300 [SECURITY EVENT] Security scan completed
2025-04-28T11:01:58.888672+0300 INFO Formatted Log: 2025-04-28T11:01:54.051002+0300 [SECURITY EVENT] New SSH connection established
2025-04-28T11:01:58.888730+0300 INFO Formatted Log: 2025-04-28T11:01:56.051517+0300 [SECURITY EVENT] Firewall detached unusual traffic
2025-04-28T11:01:58.888786+0300 INFO Formatted Log: 2025-04-28T11:01:58.052891+0300 [SECURITY EVENT] Firewall detached unusual traffic
2025-04-28T11:01:58.888839+0300 INFO Logs processed successfully!

2025-04-28T11:02:08.889192+0300 INFO Processing {len(logs)} new logs...
2025-04-28T11:02:08.889368+0300 INFO Formatted Log: 2025-04-28T11:02:00.060414+0300 [SECURITY EVENT] New SSH connection established
2025-04-28T11:02:08.889438+0300 INFO Formatted Log: 2025-04-28T11:02:02.060787+0300 [SECURITY EVENT] Failed login attempt
2025-04-28T11:02:08.889501+0300 INFO Formatted Log: 2025-04-28T11:02:04.062224+0300 [SECURITY EVENT] User logged out
2025-04-28T11:02:08.889559+0300 INFO Formatted Log: 2025-04-28T11:02:06.062700+0300 [SECURITY EVENT] User logged out
2025-04-28T11:02:08.889614+0300 INFO Formatted Log: 2025-04-28T11:02:08.063268+0300 [SECURITY EVENT] Failed login attempt
2025-04-28T11:02:08.889668+0300 INFO Logs processed successfully!

2025-04-28T11:02:18.890136+0300 INFO Processing {len(logs)} new logs...
2025-04-28T11:02:18.890328+0300 INFO Formatted Log: 2025-04-28T11:02:10.063782+0300 [SECURITY EVENT] Security scan completed
2025-04-28T11:02:18.890433+0300 INFO Formatted Log: 2025-04-28T11:02:12.064283+0300 [SECURITY EVENT] New SSH connection established
2025-04-28T11:02:18.890504+0300 INFO Formatted Log: 2025-04-28T11:02:14.064783+0300 [SECURITY EVENT] User logged out
2025-04-28T11:02:18.890568+0300 INFO Formatted Log: 2025-04-28T11:02:16.065981+0300 [SECURITY EVENT] User logged out
2025-04-28T11:02:18.890639+0300 INFO Formatted Log: 2025-04-28T11:02:18.066554+0300 [SECURITY EVENT] New SSH connection established
2025-04-28T11:02:18.890697+0300 INFO Logs processed successfully!

2025-04-28T11:02:28.891132+0300 INFO Processing {len(logs)} new logs...
2025-04-28T11:02:28.891315+0300 INFO Formatted Log: 2025-04-28T11:02:20.067158+0300 [SECURITY EVENT] User login successful
2025-04-28T11:02:28.891415+0300 INFO Formatted Log: 2025-04-28T11:02:22.069288+0300 [SECURITY EVENT] User logged out
2025-04-28T11:02:28.891489+0300 INFO Formatted Log: 2025-04-28T11:02:24.069729+0300 [SECURITY EVENT] Failed login attempt
2025-04-28T11:02:28.891549+0300 INFO Formatted Log: 2025-04-28T11:02:26.070124+0300 [SECURITY EVENT] Firewall detached unusual traffic
2025-04-28T11:02:28.891609+0300 INFO Formatted Log: 2025-04-28T11:02:28.070949+0300 [SECURITY EVENT] New SSH connection established
2025-04-28T11:02:28.891664+0300 INFO Logs processed successfully!

2025-04-28T11:02:38.892172+0300 INFO Processing {len(logs)} new logs...
2025-04-28T11:02:38.892355+0300 INFO Formatted Log: 2025-04-28T11:02:30.071384+0300 [SECURITY EVENT] New SSH connection established
2025-04-28T11:02:38.892427+0300 INFO Formatted Log: 2025-04-28T11:02:32.072054+0300 [SECURITY EVENT] Failed login attempt
2025-04-28T11:02:38.892490+0300 INFO Formatted Log: 2025-04-28T11:02:34.072503+0300 [SECURITY EVENT] Security scan completed
2025-04-28T11:02:38.892550+0300 INFO Formatted Log: 2025-04-28T11:02:36.073076+0300 [SECURITY EVENT] Security scan completed
2025-04-28T11:02:38.892607+0300 INFO Formatted Log: 2025-04-28T11:02:38.073505+0300 [SECURITY EVENT] User logged out
2025-04-28T11:02:38.892661+0300 INFO Logs processed successfully!

2025-04-28T11:02:48.893097+0300 INFO Processing {len(logs)} new logs...
2025-04-28T11:02:48.893293+0300 INFO Formatted Log: 2025-04-28T11:02:40.073903+0300 [SECURITY EVENT] Firewall detached unusual traffic
2025-04-28T11:02:48.893378+0300 INFO Formatted Log: 2025-04-28T11:02:42.074395+0300 [SECURITY EVENT] New SSH connection established
2025-04-28T11:02:48.893443+0300 INFO Formatted Log: 2025-04-28T11:02:44.074858+0300 [SECURITY EVENT] Firewall detached unusual traffic
2025-04-28T11:02:48.893503+0300 INFO Formatted Log: 2025-04-28T11:02:46.075234+0300 [SECURITY EVENT] Failed login attempt
2025-04-28T11:02:48.893561+0300 INFO Formatted Log: 2025-04-28T11:02:48.075710+0300 [SECURITY EVENT] Firewall detached unusual traffic
2025-04-28T11:02:48.893616+0300 INFO Logs processed successfully!

2025-04-28T11:02:58.893980+0300 INFO Processing {len(logs)} new logs...
2025-04-28T11:02:58.894178+0300 INFO Formatted Log: 2025-04-28T11:02:50.076210+0300 [SECURITY EVENT] Security scan completed
2025-04-28T11:02:58.894264+0300 INFO Formatted Log: 2025-04-28T11:02:52.076663+0300 [SECURITY EVENT] Firewall detached unusual traffic
2025-04-28T11:02:58.894331+0300 INFO Formatted Log: 2025-04-28T11:02:54.077118+0300 [SECURITY EVENT] User login successful
2025-04-28T11:02:58.894390+0300 INFO Formatted Log: 2025-04-28T11:02:56.077496+0300 [SECURITY EVENT] New SSH connection established
2025-04-28T11:02:58.894447+0300 INFO Formatted Log: 2025-04-28T11:02:58.077883+0300 [SECURITY EVENT] User logged out
2025-04-28T11:02:58.894501+0300 INFO Logs processed successfully!

2025-04-28T11:03:08.894824+0300 INFO Processing {len(logs)} new logs...
2025-04-28T11:03:08.903672+0300 INFO Formatted Log: 2025-04-28T11:03:00.078760+0300 [SECURITY EVENT] New SSH connection established
2025-04-28T11:03:08.903804+0300 INFO Formatted Log: 2025-04-28T11:03:02.079632+0300 [SECURITY EVENT] Failed login attempt
2025-04-28T11:03:08.903882+0300 INFO Formatted Log: 2025-04-28T11:03:04.080189+0300 [SECURITY EVENT] Security scan completed
2025-04-28T11:03:08.903953+0300 INFO Formatted Log: 2025-04-28T11:03:06.080635+0300 [SECURITY EVENT] User login successful
2025-04-28T11:03:08.904020+0300 INFO Formatted Log: 2025-04-28T11:03:08.081106+0300 [SECURITY EVENT] User login successful
2025-04-28T11:03:08.904084+0300 INFO Logs processed successfully!

2025-04-28T11:03:18.904457+0300 INFO Processing {len(logs)} new logs...
2025-04-28T11:03:18.904589+0300 INFO Formatted Log: 2025-04-28T11:03:10.081483+0300 [SECURITY EVENT] User login successful
2025-04-28T11:03:18.904622+0300 INFO Formatted Log: 2025-04-28T11:03:12.087776+0300 [SECURITY EVENT] Security scan completed
2025-04-28T11:03:18.904644+0300 INFO Formatted Log: 2025-04-28T11:03:14.088158+0300 [SECURITY EVENT] New SSH connection established
2025-04-28T11:03:18.904665+0300 INFO Formatted Log: 2025-04-28T11:03:16.092491+0300 [SECURITY EVENT] User logged out
2025-04-28T11:03:18.904683+0300 INFO Formatted Log: 2025-04-28T11:03:18.092752+0300 [SECURITY EVENT] Firewall detached unusual traffic
2025-04-28T11:03:18.904699+0300 INFO Logs processed successfully!

2025-04-28T11:03:28.924417+0300 INFO Processing {len(logs)} new logs...
2025-04-28T11:03:28.924590+0300 INFO Formatted Log: 2025-04-28T11:03:20.093561+0300 [SECURITY EVENT] User login successful
2025-04-28T11:03:28.924663+0300 INFO Formatted Log: 2025-04-28T11:03:22.093850+0300 [SECURITY EVENT] Security scan completed
2025-04-28T11:03:28.924726+0300 INFO Formatted Log: 2025-04-28T11:03:24.097327+0300 [SECURITY EVENT] Failed login attempt
2025-04-28T11:03:28.924784+0300 INFO Formatted Log: 2025-04-28T11:03:26.099589+0300 [SECURITY EVENT] Firewall detached unusual traffic
2025-04-28T11:03:28.924840+0300 INFO Formatted Log: 2025-04-28T11:03:28.109894+0300 [SECURITY EVENT] New SSH connection established
2025-04-28T11:03:28.924899+0300 INFO Logs processed successfully!

2025-04-28T11:03:38.925912+0300 INFO Processing {len(logs)} new logs...
2025-04-28T11:03:38.926099+0300 INFO Formatted Log: 2025-04-28T11:03:30.117464+0300 [SECURITY EVENT] User logged out
2025-04-28T11:03:38.926181+0300 INFO Formatted Log: 2025-04-28T11:03:32.118151+0300 [SECURITY EVENT] Firewall detached unusual traffic
2025-04-28T11:03:38.926254+0300 INFO Formatted Log: 2025-04-28T11:03:34.121001+0300 [SECURITY EVENT] Firewall detached unusual traffic
2025-04-28T11:03:38.926323+0300 INFO Formatted Log: 2025-04-28T11:03:36.121457+0300 [SECURITY EVENT] Security scan completed
2025-04-28T11:03:38.926421+0300 INFO Formatted Log: 2025-04-28T11:03:38.124149+0300 [SECURITY EVENT] Security scan completed
2025-04-28T11:03:38.926490+0300 INFO Logs processed successfully!

2025-04-28T11:03:48.943822+0300 INFO Processing {len(logs)} new logs...
2025-04-28T11:03:48.944038+0300 INFO Formatted Log: 2025-04-28T11:03:40.124523+0300 [SECURITY EVENT] User logged out
2025-04-28T11:03:48.944125+0300 INFO Formatted Log: 2025-04-28T11:03:42.133927+0300 [SECURITY EVENT] User login successful
2025-04-28T11:03:48.944194+0300 INFO Formatted Log: 2025-04-28T11:03:44.134583+0300 [SECURITY EVENT] New SSH connection established
2025-04-28T11:03:48.944255+0300 INFO Formatted Log: 2025-04-28T11:03:46.136054+0300 [SECURITY EVENT] Firewall detached unusual traffic
2025-04-28T11:03:48.944315+0300 INFO Formatted Log: 2025-04-28T11:03:48.138436+0300 [SECURITY EVENT] Failed login attempt
2025-04-28T11:03:48.944371+0300 INFO Logs processed successfully!

2025-04-28T11:03:58.944839+0300 INFO Processing {len(logs)} new logs...
2025-04-28T11:03:58.945025+0300 INFO Formatted Log: 2025-04-28T11:03:50.150513+0300 [SECURITY EVENT] Security scan completed
2025-04-28T11:03:58.945097+0300 INFO Formatted Log: 2025-04-28T11:03:52.150915+0300 [SECURITY EVENT] New SSH connection established
2025-04-28T11:03:58.945161+0300 INFO Formatted Log: 2025-04-28T11:03:54.151436+0300 [SECURITY EVENT] User login successful
2025-04-28T11:03:58.945219+0300 INFO Formatted Log: 2025-04-28T11:03:56.151824+0300 [SECURITY EVENT] User login successful
2025-04-28T11:03:58.945274+0300 INFO Formatted Log: 2025-04-28T11:03:58.152305+0300 [SECURITY EVENT] User logged out
2025-04-28T11:03:58.945349+0300 INFO Logs processed successfully!

2025-04-28T11:04:08.945791+0300 INFO Processing {len(logs)} new logs...
2025-04-28T11:04:08.945971+0300 INFO Formatted Log: 2025-04-28T11:04:00.152767+0300 [SECURITY EVENT] User logged out
2025-04-28T11:04:08.946047+0300 INFO Formatted Log: 2025-04-28T11:04:02.157201+0300 [SECURITY EVENT] Security scan completed
2025-04-28T11:04:08.946129+0300 INFO Formatted Log: 2025-04-28T11:04:04.157665+0300 [SECURITY EVENT] Failed login attempt
2025-04-28T11:04:08.946189+0300 INFO Formatted Log: 2025-04-28T11:04:06.158128+0300 [SECURITY EVENT] User login successful
2025-04-28T11:04:08.946249+0300 INFO Formatted Log: 2025-04-28T11:04:08.158848+0300 [SECURITY EVENT] New SSH connection established
2025-04-28T11:04:08.946303+0300 INFO Logs processed successfully!

2025-04-28T11:04:18.946712+0300 INFO Processing {len(logs)} new logs...
2025-04-28T11:04:18.946890+0300 INFO Formatted Log: 2025-04-28T11:04:10.159238+0300 [SECURITY EVENT] User logged out
2025-04-28T11:04:18.946961+0300 INFO Formatted Log: 2025-04-28T11:04:12.161479+0300 [SECURITY EVENT] User logged out
2025-04-28T11:04:18.947024+0300 INFO Formatted Log: 2025-04-28T11:04:14.161895+0300 [SECURITY EVENT] Failed login attempt
2025-04-28T11:04:18.947122+0300 INFO Formatted Log: 2025-04-28T11:04:16.162508+0300 [SECURITY EVENT] Security scan completed
2025-04-28T11:04:18.947184+0300 INFO Formatted Log: 2025-04-28T11:04:18.162977+0300 [SECURITY EVENT] User login successful
2025-04-28T11:04:18.947241+0300 INFO Logs processed successfully!

2025-04-28T11:04:28.947662+0300 INFO Processing {len(logs)} new logs...
2025-04-28T11:04:28.947886+0300 INFO Formatted Log: 2025-04-28T11:04:20.163729+0300 [SECURITY EVENT] New SSH connection established
2025-04-28T11:04:28.947959+0300 INFO Formatted Log: 2025-04-28T11:04:22.164109+0300 [SECURITY EVENT] Failed login attempt
2025-04-28T11:04:28.948023+0300 INFO Formatted Log: 2025-04-28T11:04:24.164529+0300 [SECURITY EVENT] Failed login attempt
2025-04-28T11:04:28.948081+0300 INFO Formatted Log: 2025-04-28T11:04:26.165068+0300 [SECURITY EVENT] Security scan completed
2025-04-28T11:04:28.948137+0300 INFO Formatted Log: 2025-04-28T11:04:28.165938+0300 [SECURITY EVENT] Failed login attempt
2025-04-28T11:04:28.948190+0300 INFO Logs processed successfully!

2025-04-28T11:04:38.948962+0300 INFO Processing {len(logs)} new logs...
2025-04-28T11:04:38.949141+0300 INFO Formatted Log: 2025-04-28T11:04:30.167037+0300 [SECURITY EVENT] User logged out
2025-04-28T11:04:38.949212+0300 INFO Formatted Log: 2025-04-28T11:04:32.167759+0300 [SECURITY EVENT] Firewall detached unusual traffic
2025-04-28T11:04:38.949274+0300 INFO Formatted Log: 2025-04-28T11:04:34.175755+0300 [SECURITY EVENT] New SSH connection established
2025-04-28T11:04:38.949333+0300 INFO Formatted Log: 2025-04-28T11:04:36.176146+0300 [SECURITY EVENT] Firewall detached unusual traffic
2025-04-28T11:04:38.949391+0300 INFO Formatted Log: 2025-04-28T11:04:38.176518+0300 [SECURITY EVENT] Firewall detached unusual traffic
2025-04-28T11:04:38.949445+0300 INFO Logs processed successfully!

2025-04-28T11:04:48.949895+0300 INFO Processing {len(logs)} new logs...
2025-04-28T11:04:48.950090+0300 INFO Formatted Log: 2025-04-28T11:04:40.176990+0300 [SECURITY EVENT] Security scan completed
2025-04-28T11:04:48.950167+0300 INFO Formatted Log: 2025-04-28T11:04:42.177468+0300 [SECURITY EVENT] User login successful
2025-04-28T11:04:48.950229+0300 INFO Formatted Log: 2025-04-28T11:04:44.178494+0300 [SECURITY EVENT] User login successful
2025-04-28T11:04:48.950286+0300 INFO Formatted Log: 2025-04-28T11:04:46.178863+0300 [SECURITY EVENT] Security scan completed
2025-04-28T11:04:48.950341+0300 INFO Formatted Log: 2025-04-28T11:04:48.179611+0300 [SECURITY EVENT] Failed login attempt
2025-04-28T11:04:48.950394+0300 INFO Logs processed successfully!

2025-04-28T11:04:58.950809+0300 INFO Processing {len(logs)} new logs...
2025-04-28T11:04:58.959623+0300 INFO Formatted Log: 2025-04-28T11:04:50.180117+0300 [SECURITY EVENT] Security scan completed
2025-04-28T11:04:58.959744+0300 INFO Formatted Log: 2025-04-28T11:04:52.180614+0300 [SECURITY EVENT] New SSH connection established
2025-04-28T11:04:58.959821+0300 INFO Formatted Log: 2025-04-28T11:04:54.181017+0300 [SECURITY EVENT] User login successful
2025-04-28T11:04:58.959893+0300 INFO Formatted Log: 2025-04-28T11:04:56.182516+0300 [SECURITY EVENT] Firewall detached unusual traffic
2025-04-28T11:04:58.959976+0300 INFO Formatted Log: 2025-04-28T11:04:58.182995+0300 [SECURITY EVENT] Failed login attempt
2025-04-28T11:04:58.960042+0300 INFO Logs processed successfully!

2025-04-28T11:05:08.961024+0300 INFO Processing {len(logs)} new logs...
2025-04-28T11:05:08.961210+0300 INFO Formatted Log: 2025-04-28T11:05:00.183696+0300 [SECURITY EVENT] User logged out
2025-04-28T11:05:08.961281+0300 INFO Formatted Log: 2025-04-28T11:05:02.194462+0300 [SECURITY EVENT] New SSH connection established
2025-04-28T11:05:08.961343+0300 INFO Formatted Log: 2025-04-28T11:05:04.194953+0300 [SECURITY EVENT] Security scan completed
2025-04-28T11:05:08.961402+0300 INFO Formatted Log: 2025-04-28T11:05:06.200759+0300 [SECURITY EVENT] User logged out
2025-04-28T11:05:08.961458+0300 INFO Logs processed successfully!

2025-04-28T11:05:18.961917+0300 INFO No new logs to process.
2025-04-28T11:05:28.962978+0300 INFO No new logs to process.
2025-04-28T11:05:38.963543+0300 INFO No new logs to process.
