2025-03-13T15:12:28.969353+0300 INFO Failed login attempt
2025-03-13T15:12:30.975503+0300 INFO User logged out
2025-03-13T15:12:32.976097+0300 INFO User login successful
2025-03-13T15:12:34.976590+0300 INFO User logged out
2025-03-13T15:12:36.977180+0300 INFO Failed login attempt
2025-03-13T15:12:38.977693+0300 INFO Firewall detached unusual traffic
2025-03-13T15:12:40.978160+0300 INFO New SSH connection established
2025-03-13T15:12:42.980052+0300 INFO Failed login attempt
2025-03-13T15:12:44.980269+0300 INFO Security scan completed
2025-03-13T15:12:46.980547+0300 INFO User logged out
2025-03-13T15:12:48.980846+0300 INFO Firewall detached unusual traffic
2025-03-13T15:12:50.981380+0300 INFO Security scan completed
2025-03-13T15:12:52.988032+0300 INFO User logged out
2025-03-13T15:12:55.001203+0300 INFO Failed login attempt
2025-03-13T15:12:57.001740+0300 INFO Security scan completed
2025-03-13T15:12:59.002416+0300 INFO Firewall detached unusual traffic
2025-03-13T15:13:01.003008+0300 INFO Failed login attempt
2025-03-13T15:13:03.003548+0300 INFO Failed login attempt
2025-03-13T15:13:05.004038+0300 INFO User logged out
2025-03-13T15:13:07.011928+0300 INFO User login successful
2025-03-13T15:13:09.012498+0300 INFO Security scan completed
2025-03-13T15:13:11.012999+0300 INFO Firewall detached unusual traffic
2025-03-13T15:13:13.013701+0300 INFO Firewall detached unusual traffic
2025-03-13T15:13:15.014257+0300 INFO Security scan completed
2025-03-13T15:13:17.014914+0300 INFO Failed login attempt
2025-03-13T15:13:19.015388+0300 INFO Security scan completed
2025-03-13T15:13:21.015914+0300 INFO Firewall detached unusual traffic
2025-03-13T15:13:23.024542+0300 INFO New SSH connection established
2025-03-13T15:13:25.028081+0300 INFO User login successful
2025-03-13T15:13:27.028568+0300 INFO Failed login attempt
2025-03-13T15:13:29.029038+0300 INFO Failed login attempt
2025-03-13T15:13:31.040300+0300 INFO New SSH connection established
2025-03-13T15:13:33.045158+0300 INFO New SSH connection established
2025-03-13T15:13:35.045489+0300 INFO User logged out
2025-03-13T15:13:37.046129+0300 INFO User logged out
2025-03-13T15:13:39.046685+0300 INFO Security scan completed
2025-03-13T15:13:41.046994+0300 INFO Firewall detached unusual traffic
2025-03-13T15:13:43.047364+0300 INFO User logged out
2025-03-13T15:13:45.058991+0300 INFO User logged out
2025-03-13T15:13:47.059454+0300 INFO New SSH connection established
2025-03-13T15:13:49.059893+0300 INFO User login successful
2025-03-13T15:13:51.060391+0300 INFO Firewall detached unusual traffic
2025-03-13T15:13:53.068312+0300 INFO User logged out
2025-03-13T15:13:55.069006+0300 INFO Security scan completed
2025-03-13T15:13:57.069632+0300 INFO User logged out
2025-03-13T15:13:59.079565+0300 INFO Failed login attempt
2025-03-13T15:14:01.085344+0300 INFO User login successful
2025-03-13T15:14:03.085637+0300 INFO User login successful
2025-03-13T15:14:05.086244+0300 INFO Security scan completed
2025-03-13T15:14:07.086742+0300 INFO New SSH connection established
2025-03-13T15:14:09.087175+0300 INFO User logged out
2025-03-13T15:14:11.087724+0300 INFO Security scan completed
2025-03-13T15:14:13.088374+0300 INFO Security scan completed
2025-03-13T15:14:15.095011+0300 INFO Failed login attempt
2025-03-13T15:14:17.106185+0300 INFO Security scan completed
2025-03-13T15:20:05.106048+0300 INFO New SSH connection established
2025-03-13T15:20:07.116891+0300 INFO User login successful
2025-03-13T15:20:09.118233+0300 INFO User login successful
2025-03-13T15:20:11.118766+0300 INFO Security scan completed
2025-03-13T15:20:13.119993+0300 INFO User login successful
2025-03-13T15:20:15.120805+0300 INFO User logged out
2025-03-13T15:20:17.126356+0300 INFO New SSH connection established
2025-03-13T15:20:19.129964+0300 INFO User login successful
2025-03-13T15:20:21.132202+0300 INFO Security scan completed
2025-03-13T15:20:23.132467+0300 INFO User logged out
2025-03-13T15:20:25.132823+0300 INFO Firewall detached unusual traffic
2025-03-13T15:20:27.133415+0300 INFO New SSH connection established
2025-03-13T15:20:29.133895+0300 INFO Firewall detached unusual traffic
2025-03-13T15:20:31.134455+0300 INFO User logged out
2025-03-13T15:20:33.135220+0300 INFO User logged out
2025-03-13T15:20:35.135703+0300 INFO User login successful
2025-03-13T15:20:37.136286+0300 INFO Security scan completed
2025-03-13T15:20:39.137007+0300 INFO User logged out
2025-03-13T15:20:41.137682+0300 INFO User logged out
2025-03-13T15:20:43.138262+0300 INFO User login successful
2025-03-13T15:20:45.138803+0300 INFO Firewall detached unusual traffic
2025-03-13T15:20:47.139105+0300 INFO New SSH connection established
2025-03-13T15:20:49.146539+0300 INFO Security scan completed
2025-03-13T15:20:51.146914+0300 INFO User logged out
2025-03-13T15:20:53.151548+0300 INFO Failed login attempt
2025-03-13T15:20:55.152104+0300 INFO Security scan completed
2025-03-13T15:20:57.152560+0300 INFO New SSH connection established
2025-04-28T09:50:03.186965+0300 INFO User logged out
2025-04-28T09:50:05.188436+0300 INFO Security scan completed
2025-04-28T09:50:07.188749+0300 INFO Security scan completed
2025-04-28T09:50:09.189063+0300 INFO Firewall detached unusual traffic
2025-04-28T09:50:11.189349+0300 INFO New SSH connection established
2025-04-28T09:50:13.189735+0300 INFO New SSH connection established
2025-04-28T09:50:15.190099+0300 INFO User logged out
2025-04-28T09:51:46.261202+0300 INFO New SSH connection established
2025-04-28T09:51:48.274684+0300 INFO User login successful
2025-04-28T09:51:50.275003+0300 INFO New SSH connection established
2025-04-28T09:51:52.275454+0300 INFO Failed login attempt
2025-04-28T09:51:54.275702+0300 INFO Failed login attempt
2025-04-28T09:51:56.275959+0300 INFO Security scan completed
2025-04-28T09:51:58.276482+0300 INFO New SSH connection established
2025-04-28T09:52:00.276872+0300 INFO Failed login attempt
2025-04-28T09:52:02.277113+0300 INFO New SSH connection established
2025-04-28T09:52:04.277347+0300 INFO Failed login attempt
2025-04-28T09:52:06.277591+0300 INFO Failed login attempt
2025-04-28T09:52:08.277896+0300 INFO User login successful
2025-04-28T09:52:10.278197+0300 INFO User login successful
2025-04-28T09:52:12.278454+0300 INFO Failed login attempt
2025-04-28T09:52:14.278720+0300 INFO User login successful
2025-04-28T09:52:16.279037+0300 INFO Failed login attempt
2025-04-28T09:52:18.280324+0300 INFO User login successful
2025-04-28T09:52:20.282405+0300 INFO User login successful
2025-04-28T09:52:22.282662+0300 INFO Failed login attempt
2025-04-28T09:52:24.282902+0300 INFO New SSH connection established
2025-04-28T09:52:26.283346+0300 INFO User logged out
2025-04-28T09:52:28.284354+0300 INFO User logged out
2025-04-28T09:52:30.284671+0300 INFO Security scan completed
2025-04-28T09:52:32.284917+0300 INFO New SSH connection established
2025-04-28T09:52:34.285139+0300 INFO Firewall detached unusual traffic
2025-04-28T10:09:04.681086+0300 INFO User login successful
2025-04-28T10:09:06.692974+0300 INFO Failed login attempt
2025-04-28T10:09:08.693512+0300 INFO User login successful
2025-04-28T10:09:10.693982+0300 INFO User login successful
2025-04-28T10:09:12.694413+0300 INFO New SSH connection established
2025-04-28T10:09:14.694720+0300 INFO User login successful
2025-04-28T10:09:16.695316+0300 INFO Security scan completed
2025-04-28T10:09:18.696046+0300 INFO New SSH connection established
2025-04-28T10:09:20.696503+0300 INFO Firewall detached unusual traffic
2025-04-28T10:09:22.700646+0300 INFO New SSH connection established
2025-04-28T10:09:24.700956+0300 INFO User login successful
2025-04-28T10:09:26.704857+0300 INFO User login successful
2025-04-28T10:09:28.716579+0300 INFO Firewall detached unusual traffic
2025-04-28T10:09:30.716838+0300 INFO Security scan completed
2025-04-28T10:09:32.717725+0300 INFO Security scan completed
2025-04-28T10:09:34.717969+0300 INFO User login successful
2025-04-28T10:09:36.718827+0300 INFO Security scan completed
2025-04-28T10:09:38.719708+0300 INFO Security scan completed
2025-04-28T10:09:40.731009+0300 INFO User login successful
2025-04-28T10:09:42.731261+0300 INFO Failed login attempt
2025-04-28T10:09:44.731518+0300 INFO Failed login attempt
2025-04-28T10:09:46.732002+0300 INFO Security scan completed
2025-04-28T10:09:48.732273+0300 INFO Security scan completed
2025-04-28T10:09:50.732548+0300 INFO User login successful
2025-04-28T10:09:52.732844+0300 INFO Failed login attempt
2025-04-28T10:09:54.733079+0300 INFO Firewall detached unusual traffic
2025-04-28T10:09:56.733333+0300 INFO User login successful
2025-04-28T10:09:58.733595+0300 INFO Failed login attempt
2025-04-28T10:10:00.733850+0300 INFO User login successful
2025-04-28T10:10:02.734095+0300 INFO User logged out
2025-04-28T10:10:04.735412+0300 INFO User login successful
2025-04-28T10:10:06.735686+0300 INFO New SSH connection established
2025-04-28T10:10:08.735944+0300 INFO User login successful
2025-04-28T10:10:10.736223+0300 INFO User login successful
2025-04-28T10:10:12.736505+0300 INFO Security scan completed
2025-04-28T10:10:14.736772+0300 INFO User logged out
2025-04-28T10:10:16.747983+0300 INFO New SSH connection established
2025-04-28T10:10:18.748256+0300 INFO Security scan completed
2025-04-28T10:10:20.748568+0300 INFO Firewall detached unusual traffic
2025-04-28T10:10:22.748892+0300 INFO Failed login attempt
2025-04-28T10:10:24.749138+0300 INFO Failed login attempt
2025-04-28T10:10:26.759758+0300 INFO User logged out
2025-04-28T10:10:28.760033+0300 INFO Firewall detached unusual traffic
2025-04-28T10:10:30.760312+0300 INFO Firewall detached unusual traffic
2025-04-28T10:10:32.760729+0300 INFO Firewall detached unusual traffic
2025-04-28T10:10:34.760957+0300 INFO User login successful
2025-04-28T10:10:36.761311+0300 INFO Failed login attempt
2025-04-28T10:10:38.761635+0300 INFO Security scan completed
2025-04-28T10:10:40.772571+0300 INFO New SSH connection established
2025-04-28T10:10:42.777087+0300 INFO Failed login attempt
2025-04-28T10:10:44.777364+0300 INFO Firewall detached unusual traffic
2025-04-28T10:10:46.777654+0300 INFO New SSH connection established
2025-04-28T10:10:48.782993+0300 INFO Security scan completed
2025-04-28T10:10:50.783251+0300 INFO Failed login attempt
2025-04-28T10:10:52.783483+0300 INFO User login successful
2025-04-28T10:10:54.783799+0300 INFO User logged out
2025-04-28T10:10:56.784074+0300 INFO User logged out
2025-04-28T10:10:58.784760+0300 INFO Failed login attempt
2025-04-28T10:11:00.785022+0300 INFO User logged out
2025-04-28T10:11:02.785438+0300 INFO User logged out
2025-04-28T10:11:04.789505+0300 INFO Security scan completed
2025-04-28T10:11:06.790929+0300 INFO Firewall detached unusual traffic
2025-04-28T10:11:08.791179+0300 INFO New SSH connection established
2025-04-28T10:11:10.791474+0300 INFO User logged out
2025-04-28T10:11:12.791749+0300 INFO Failed login attempt
2025-04-28T10:11:14.792017+0300 INFO User login successful
2025-04-28T10:11:16.792339+0300 INFO New SSH connection established
2025-04-28T10:11:18.792661+0300 INFO User logged out
2025-04-28T10:11:20.792946+0300 INFO Failed login attempt
2025-04-28T10:11:22.801373+0300 INFO User logged out
2025-04-28T10:11:24.801775+0300 INFO Security scan completed
2025-04-28T10:11:26.802135+0300 INFO User logged out
2025-04-28T10:11:28.802577+0300 INFO Failed login attempt
2025-04-28T10:11:30.810616+0300 INFO Firewall detached unusual traffic
2025-04-28T10:11:32.810884+0300 INFO User login successful
2025-04-28T10:11:34.817237+0300 INFO Security scan completed
2025-04-28T10:11:36.817549+0300 INFO User logged out
2025-04-28T10:11:38.817826+0300 INFO Firewall detached unusual traffic
2025-04-28T10:11:40.822757+0300 INFO New SSH connection established
2025-04-28T10:11:42.824853+0300 INFO New SSH connection established
2025-04-28T10:11:44.825120+0300 INFO User login successful
2025-04-28T10:11:46.825361+0300 INFO Security scan completed
2025-04-28T10:11:48.825714+0300 INFO User login successful
2025-04-28T10:11:50.826022+0300 INFO User logged out
2025-04-28T10:11:52.826695+0300 INFO User login successful
2025-04-28T10:11:54.826922+0300 INFO Firewall detached unusual traffic
2025-04-28T10:11:56.827160+0300 INFO New SSH connection established
2025-04-28T10:11:58.827850+0300 INFO Firewall detached unusual traffic
2025-04-28T10:12:00.828199+0300 INFO New SSH connection established
2025-04-28T10:12:02.828765+0300 INFO Firewall detached unusual traffic
2025-04-28T10:12:04.829392+0300 INFO User login successful
2025-04-28T10:12:06.829756+0300 INFO New SSH connection established
2025-04-28T10:12:08.830224+0300 INFO Security scan completed
2025-04-28T10:12:10.832396+0300 INFO Firewall detached unusual traffic
2025-04-28T10:12:12.832945+0300 INFO Security scan completed
2025-04-28T10:12:14.833447+0300 INFO Security scan completed
2025-04-28T10:12:16.834020+0300 INFO User logged out
2025-04-28T10:12:18.834961+0300 INFO User login successful
2025-04-28T10:12:20.835378+0300 INFO User logged out
2025-04-28T10:12:22.840750+0300 INFO Failed login attempt
2025-04-28T10:12:24.841229+0300 INFO Security scan completed
2025-04-28T10:12:26.841706+0300 INFO New SSH connection established
2025-04-28T10:12:28.842203+0300 INFO New SSH connection established
2025-04-28T10:12:30.845181+0300 INFO Failed login attempt
2025-04-28T10:12:32.845568+0300 INFO Firewall detached unusual traffic
2025-04-28T10:12:34.845948+0300 INFO User logged out
2025-04-28T10:12:36.846482+0300 INFO New SSH connection established
2025-04-28T10:12:38.846822+0300 INFO Failed login attempt
2025-04-28T10:12:40.847310+0300 INFO Firewall detached unusual traffic
2025-04-28T10:12:42.847702+0300 INFO Security scan completed
2025-04-28T10:12:44.848180+0300 INFO User login successful
2025-04-28T10:12:46.848643+0300 INFO Failed login attempt
2025-04-28T10:12:48.849019+0300 INFO Security scan completed
2025-04-28T10:12:50.849363+0300 INFO Firewall detached unusual traffic
2025-04-28T10:12:52.854826+0300 INFO User logged out
2025-04-28T10:12:54.855131+0300 INFO Firewall detached unusual traffic
2025-04-28T10:12:56.855384+0300 INFO Failed login attempt
2025-04-28T10:12:58.855651+0300 INFO User logged out
2025-04-28T10:13:00.855909+0300 INFO User login successful
2025-04-28T10:13:02.856196+0300 INFO Firewall detached unusual traffic
2025-04-28T10:13:04.856459+0300 INFO Firewall detached unusual traffic
2025-04-28T10:13:06.856751+0300 INFO Security scan completed
2025-04-28T10:13:08.857017+0300 INFO Firewall detached unusual traffic
2025-04-28T10:13:10.857235+0300 INFO Firewall detached unusual traffic
2025-04-28T10:13:12.862334+0300 INFO User logged out
2025-04-28T10:34:03.318663+0300 INFO Failed login attempt
2025-04-28T10:34:05.319038+0300 INFO Security scan completed
2025-04-28T10:34:07.319581+0300 INFO User logged out
2025-04-28T10:34:09.319871+0300 INFO Failed login attempt
2025-04-28T10:34:11.320147+0300 INFO Firewall detached unusual traffic
2025-04-28T11:00:54.008471+0300 INFO New SSH connection established
2025-04-28T11:00:56.014753+0300 INFO Failed login attempt
2025-04-28T11:00:58.027887+0300 INFO New SSH connection established
2025-04-28T11:01:00.028672+0300 INFO Failed login attempt
2025-04-28T11:01:02.029157+0300 INFO User logged out
2025-04-28T11:01:04.029437+0300 INFO New SSH connection established
2025-04-28T11:01:06.029740+0300 INFO User login successful
2025-04-28T11:01:08.030227+0300 INFO New SSH connection established
2025-04-28T11:01:10.030492+0300 INFO Failed login attempt
2025-04-28T11:01:12.030805+0300 INFO New SSH connection established
2025-04-28T11:01:14.031302+0300 INFO User logged out
2025-04-28T11:01:16.031781+0300 INFO Security scan completed
2025-04-28T11:01:18.032297+0300 INFO Firewall detached unusual traffic
2025-04-28T11:01:20.033344+0300 INFO Firewall detached unusual traffic
2025-04-28T11:01:22.034741+0300 INFO Firewall detached unusual traffic
2025-04-28T11:01:24.035524+0300 INFO New SSH connection established
2025-04-28T11:01:26.036036+0300 INFO Failed login attempt
2025-04-28T11:01:28.036546+0300 INFO Firewall detached unusual traffic
2025-04-28T11:01:30.037036+0300 INFO Firewall detached unusual traffic
2025-04-28T11:01:32.037524+0300 INFO User login successful
2025-04-28T11:01:34.038117+0300 INFO User logged out
2025-04-28T11:01:36.038747+0300 INFO Security scan completed
2025-04-28T11:01:38.039433+0300 INFO Firewall detached unusual traffic
2025-04-28T11:01:40.039939+0300 INFO Failed login attempt
2025-04-28T11:01:42.047491+0300 INFO User logged out
2025-04-28T11:01:44.048122+0300 INFO Firewall detached unusual traffic
2025-04-28T11:01:46.048652+0300 INFO User login successful
2025-04-28T11:01:48.049100+0300 INFO Firewall detached unusual traffic
2025-04-28T11:01:50.049771+0300 INFO Failed login attempt
2025-04-28T11:01:52.050096+0300 INFO Security scan completed
2025-04-28T11:01:54.051002+0300 INFO New SSH connection established
2025-04-28T11:01:56.051517+0300 INFO Firewall detached unusual traffic
2025-04-28T11:01:58.052891+0300 INFO Firewall detached unusual traffic
2025-04-28T11:02:00.060414+0300 INFO New SSH connection established
2025-04-28T11:02:02.060787+0300 INFO Failed login attempt
2025-04-28T11:02:04.062224+0300 INFO User logged out
2025-04-28T11:02:06.062700+0300 INFO User logged out
2025-04-28T11:02:08.063268+0300 INFO Failed login attempt
2025-04-28T11:02:10.063782+0300 INFO Security scan completed
2025-04-28T11:02:12.064283+0300 INFO New SSH connection established
2025-04-28T11:02:14.064783+0300 INFO User logged out
2025-04-28T11:02:16.065981+0300 INFO User logged out
2025-04-28T11:02:18.066554+0300 INFO New SSH connection established
2025-04-28T11:02:20.067158+0300 INFO User login successful
2025-04-28T11:02:22.069288+0300 INFO User logged out
2025-04-28T11:02:24.069729+0300 INFO Failed login attempt
2025-04-28T11:02:26.070124+0300 INFO Firewall detached unusual traffic
2025-04-28T11:02:28.070949+0300 INFO New SSH connection established
2025-04-28T11:02:30.071384+0300 INFO New SSH connection established
2025-04-28T11:02:32.072054+0300 INFO Failed login attempt
2025-04-28T11:02:34.072503+0300 INFO Security scan completed
2025-04-28T11:02:36.073076+0300 INFO Security scan completed
2025-04-28T11:02:38.073505+0300 INFO User logged out
2025-04-28T11:02:40.073903+0300 INFO Firewall detached unusual traffic
2025-04-28T11:02:42.074395+0300 INFO New SSH connection established
2025-04-28T11:02:44.074858+0300 INFO Firewall detached unusual traffic
2025-04-28T11:02:46.075234+0300 INFO Failed login attempt
2025-04-28T11:02:48.075710+0300 INFO Firewall detached unusual traffic
2025-04-28T11:02:50.076210+0300 INFO Security scan completed
2025-04-28T11:02:52.076663+0300 INFO Firewall detached unusual traffic
2025-04-28T11:02:54.077118+0300 INFO User login successful
2025-04-28T11:02:56.077496+0300 INFO New SSH connection established
2025-04-28T11:02:58.077883+0300 INFO User logged out
2025-04-28T11:03:00.078760+0300 INFO New SSH connection established
2025-04-28T11:03:02.079632+0300 INFO Failed login attempt
2025-04-28T11:03:04.080189+0300 INFO Security scan completed
2025-04-28T11:03:06.080635+0300 INFO User login successful
2025-04-28T11:03:08.081106+0300 INFO User login successful
2025-04-28T11:03:10.081483+0300 INFO User login successful
2025-04-28T11:03:12.087776+0300 INFO Security scan completed
2025-04-28T11:03:14.088158+0300 INFO New SSH connection established
2025-04-28T11:03:16.092491+0300 INFO User logged out
2025-04-28T11:03:18.092752+0300 INFO Firewall detached unusual traffic
2025-04-28T11:03:20.093561+0300 INFO User login successful
2025-04-28T11:03:22.093850+0300 INFO Security scan completed
2025-04-28T11:03:24.097327+0300 INFO Failed login attempt
2025-04-28T11:03:26.099589+0300 INFO Firewall detached unusual traffic
2025-04-28T11:03:28.109894+0300 INFO New SSH connection established
2025-04-28T11:03:30.117464+0300 INFO User logged out
2025-04-28T11:03:32.118151+0300 INFO Firewall detached unusual traffic
2025-04-28T11:03:34.121001+0300 INFO Firewall detached unusual traffic
2025-04-28T11:03:36.121457+0300 INFO Security scan completed
2025-04-28T11:03:38.124149+0300 INFO Security scan completed
2025-04-28T11:03:40.124523+0300 INFO User logged out
2025-04-28T11:03:42.133927+0300 INFO User login successful
2025-04-28T11:03:44.134583+0300 INFO New SSH connection established
2025-04-28T11:03:46.136054+0300 INFO Firewall detached unusual traffic
2025-04-28T11:03:48.138436+0300 INFO Failed login attempt
2025-04-28T11:03:50.150513+0300 INFO Security scan completed
2025-04-28T11:03:52.150915+0300 INFO New SSH connection established
2025-04-28T11:03:54.151436+0300 INFO User login successful
2025-04-28T11:03:56.151824+0300 INFO User login successful
2025-04-28T11:03:58.152305+0300 INFO User logged out
2025-04-28T11:04:00.152767+0300 INFO User logged out
2025-04-28T11:04:02.157201+0300 INFO Security scan completed
2025-04-28T11:04:04.157665+0300 INFO Failed login attempt
2025-04-28T11:04:06.158128+0300 INFO User login successful
2025-04-28T11:04:08.158848+0300 INFO New SSH connection established
2025-04-28T11:04:10.159238+0300 INFO User logged out
2025-04-28T11:04:12.161479+0300 INFO User logged out
2025-04-28T11:04:14.161895+0300 INFO Failed login attempt
2025-04-28T11:04:16.162508+0300 INFO Security scan completed
2025-04-28T11:04:18.162977+0300 INFO User login successful
2025-04-28T11:04:20.163729+0300 INFO New SSH connection established
2025-04-28T11:04:22.164109+0300 INFO Failed login attempt
2025-04-28T11:04:24.164529+0300 INFO Failed login attempt
2025-04-28T11:04:26.165068+0300 INFO Security scan completed
2025-04-28T11:04:28.165938+0300 INFO Failed login attempt
2025-04-28T11:04:30.167037+0300 INFO User logged out
2025-04-28T11:04:32.167759+0300 INFO Firewall detached unusual traffic
2025-04-28T11:04:34.175755+0300 INFO New SSH connection established
2025-04-28T11:04:36.176146+0300 INFO Firewall detached unusual traffic
2025-04-28T11:04:38.176518+0300 INFO Firewall detached unusual traffic
2025-04-28T11:04:40.176990+0300 INFO Security scan completed
2025-04-28T11:04:42.177468+0300 INFO User login successful
2025-04-28T11:04:44.178494+0300 INFO User login successful
2025-04-28T11:04:46.178863+0300 INFO Security scan completed
2025-04-28T11:04:48.179611+0300 INFO Failed login attempt
2025-04-28T11:04:50.180117+0300 INFO Security scan completed
2025-04-28T11:04:52.180614+0300 INFO New SSH connection established
2025-04-28T11:04:54.181017+0300 INFO User login successful
2025-04-28T11:04:56.182516+0300 INFO Firewall detached unusual traffic
2025-04-28T11:04:58.182995+0300 INFO Failed login attempt
2025-04-28T11:05:00.183696+0300 INFO User logged out
2025-04-28T11:05:02.194462+0300 INFO New SSH connection established
2025-04-28T11:05:04.194953+0300 INFO Security scan completed
2025-04-28T11:05:06.200759+0300 INFO User logged out
2025-05-03T15:38:40.541822+0300 INFO User login successful
2025-05-03T15:38:42.542298+0300 INFO Firewall detached unusual traffic
2025-05-03T15:38:44.542552+0300 INFO Firewall detached unusual traffic
2025-05-03T15:38:46.542844+0300 INFO New SSH connection established
2025-05-03T15:38:48.543156+0300 INFO New SSH connection established
2025-05-03T15:38:50.543643+0300 INFO Failed login attempt
2025-05-03T15:39:51.665374+0300 INFO Failed login attempt
2025-05-03T15:39:53.665712+0300 INFO User login successful
2025-05-03T15:39:55.666045+0300 INFO Firewall detached unusual traffic
2025-05-03T15:39:57.666367+0300 INFO User login successful
2025-05-03T15:39:59.666672+0300 INFO Security scan completed
2025-05-03T15:40:01.667071+0300 INFO Firewall detached unusual traffic
2025-05-03T15:40:03.667333+0300 INFO Security scan completed
2025-05-03T15:40:05.667682+0300 INFO User login successful
2025-05-03T15:40:11.249724+0300 INFO Security scan completed
2025-05-03T15:40:13.249985+0300 INFO Firewall detached unusual traffic
2025-05-03T15:40:15.250271+0300 INFO Failed login attempt
2025-05-03T15:40:17.250592+0300 INFO Security scan completed
2025-05-03T15:40:19.250862+0300 INFO Failed login attempt
2025-05-03T15:40:21.251343+0300 INFO Security scan completed
2025-05-03T15:40:23.251813+0300 INFO Failed login attempt
2025-05-03T15:40:25.252130+0300 INFO New SSH connection established
2025-05-03T15:40:27.252502+0300 INFO User logged out
2025-05-03T15:40:29.252811+0300 INFO Security scan completed
2025-05-03T15:40:31.253070+0300 INFO Firewall detached unusual traffic
2025-05-03T15:40:33.253325+0300 INFO User login successful
2025-05-03T15:40:35.253614+0300 INFO Firewall detached unusual traffic
2025-05-03T15:40:37.254032+0300 INFO Firewall detached unusual traffic
2025-05-03T15:40:39.254338+0300 INFO User login successful
2025-05-03T15:40:41.254692+0300 INFO New SSH connection established
2025-05-03T15:40:43.255052+0300 INFO Security scan completed
2025-05-03T15:40:48.839533+0300 INFO Failed login attempt
2025-05-03T15:40:50.839892+0300 INFO User logged out
2025-05-03T15:40:52.840241+0300 INFO User login successful
2025-05-03T15:40:54.840568+0300 INFO New SSH connection established
2025-05-03T15:40:56.840881+0300 INFO User logged out
2025-05-03T17:28:32.807984+0300 INFO New SSH connection established
2025-05-03T17:28:34.808526+0300 INFO Security scan completed
2025-05-03T17:28:36.808896+0300 INFO New SSH connection established
2025-05-03T17:28:38.809339+0300 INFO Failed login attempt
2025-05-03T17:28:40.809625+0300 INFO Failed login attempt
2025-05-03T17:28:42.809954+0300 INFO Failed login attempt
2025-05-03T17:28:44.810347+0300 INFO Failed login attempt
2025-05-03T17:28:49.756086+0300 INFO Firewall detached unusual traffic
2025-05-03T17:28:51.756435+0300 INFO Firewall detached unusual traffic
2025-05-03T17:28:53.756716+0300 INFO New SSH connection established
2025-05-03T17:28:55.757077+0300 INFO User logged out
2025-05-03T17:28:57.757441+0300 INFO New SSH connection established
2025-05-03T17:28:59.757686+0300 INFO Firewall detached unusual traffic
2025-05-03T17:29:01.757927+0300 INFO New SSH connection established
2025-05-03T17:29:03.758167+0300 INFO Security scan completed
2025-05-03T17:29:05.758401+0300 INFO User login successful
2025-05-03T17:29:07.758656+0300 INFO Failed login attempt
2025-05-03T17:29:09.758903+0300 INFO User logged out
2025-05-03T17:29:11.759110+0300 INFO Failed login attempt
2025-05-03T17:29:13.759338+0300 INFO User logged out
2025-05-03T17:29:15.759571+0300 INFO User logged out
2025-05-03T17:29:17.759827+0300 INFO Security scan completed
2025-05-03T17:29:19.760087+0300 INFO Security scan completed
2025-05-03T17:29:24.680545+0300 INFO Failed login attempt
2025-05-03T17:29:26.680929+0300 INFO User login successful
2025-05-03T17:29:28.681188+0300 INFO Firewall detached unusual traffic
2025-05-03T17:29:30.682091+0300 INFO New SSH connection established
2025-05-03T17:29:32.682468+0300 INFO Security scan completed
2025-05-03T17:29:34.682774+0300 INFO Firewall detached unusual traffic
2025-05-03T17:29:36.683035+0300 INFO User logged out
2025-05-03T17:29:38.683355+0300 INFO Firewall detached unusual traffic
2025-05-03T17:29:40.683670+0300 INFO New SSH connection established
2025-05-03T17:29:42.683937+0300 INFO User logged out
2025-05-03T17:29:44.684237+0300 INFO New SSH connection established
2025-05-03T17:29:46.684502+0300 INFO Security scan completed
2025-05-03T17:29:48.684818+0300 INFO Firewall detached unusual traffic
2025-05-03T17:29:50.685067+0300 INFO Security scan completed
2025-05-03T17:29:52.685317+0300 INFO New SSH connection established
2025-05-03T17:29:54.685577+0300 INFO New SSH connection established
2025-05-03T17:29:59.619373+0300 INFO Security scan completed
2025-05-03T17:30:01.619622+0300 INFO Firewall detached unusual traffic
2025-05-03T17:30:03.619931+0300 INFO Firewall detached unusual traffic
2025-05-03T17:30:05.620307+0300 INFO New SSH connection established
2025-05-03T17:30:07.620612+0300 INFO Security scan completed
2025-05-03T17:30:09.620979+0300 INFO Firewall detached unusual traffic
2025-05-03T17:30:11.621309+0300 INFO User logged out
2025-05-03T17:30:13.621543+0300 INFO Security scan completed
2025-05-03T17:30:15.621831+0300 INFO User logged out
2025-05-03T17:30:17.622150+0300 INFO Firewall detached unusual traffic
2025-05-03T17:30:19.622433+0300 INFO New SSH connection established
2025-05-03T17:30:21.622695+0300 INFO User logged out
2025-05-03T17:30:23.623009+0300 INFO User logged out
2025-05-03T17:30:25.623388+0300 INFO User login successful
2025-05-03T17:30:27.623724+0300 INFO Failed login attempt
2025-05-03T17:30:29.624012+0300 INFO User logged out
2025-05-03T17:30:34.542489+0300 INFO Security scan completed
2025-05-03T17:30:36.542809+0300 INFO Failed login attempt
2025-05-03T17:30:38.543113+0300 INFO New SSH connection established
2025-05-03T17:30:40.543379+0300 INFO New SSH connection established
2025-05-03T17:30:42.543605+0300 INFO New SSH connection established
2025-05-03T17:30:44.543835+0300 INFO Failed login attempt
2025-05-03T17:30:46.544090+0300 INFO User login successful
2025-05-03T17:30:48.544342+0300 INFO User logged out
2025-05-03T17:30:50.544581+0300 INFO User logged out
2025-05-03T17:30:52.544891+0300 INFO Failed login attempt
2025-05-03T17:30:54.545144+0300 INFO User login successful
2025-05-03T17:30:56.545374+0300 INFO Firewall detached unusual traffic
2025-05-03T17:30:58.545624+0300 INFO New SSH connection established
2025-05-03T17:31:00.545966+0300 INFO Failed login attempt
2025-05-03T17:31:02.546224+0300 INFO Failed login attempt
2025-05-03T17:31:04.546638+0300 INFO Failed login attempt
2025-05-03T17:31:09.258118+0300 INFO User login successful
2025-05-03T17:31:11.258472+0300 INFO New SSH connection established
2025-05-03T17:31:13.258840+0300 INFO New SSH connection established
2025-05-03T17:31:15.259122+0300 INFO User logged out
2025-05-03T17:31:17.259443+0300 INFO New SSH connection established
2025-05-03T17:31:19.259795+0300 INFO Security scan completed
2025-05-03T17:31:21.260068+0300 INFO New SSH connection established
2025-05-03T17:31:23.260355+0300 INFO User logged out
2025-05-03T17:31:25.260601+0300 INFO User logged out
2025-05-03T17:31:27.260879+0300 INFO Failed login attempt
2025-05-03T17:31:29.261424+0300 INFO User login successful
2025-05-03T17:31:31.261688+0300 INFO Security scan completed
2025-05-03T17:31:33.261956+0300 INFO Failed login attempt
2025-05-03T17:31:35.262186+0300 INFO Firewall detached unusual traffic
2025-05-03T17:31:37.262410+0300 INFO Firewall detached unusual traffic
2025-05-03T17:31:39.262654+0300 INFO User logged out
2025-05-03T17:31:44.474212+0300 INFO Failed login attempt
2025-05-03T17:31:46.474473+0300 INFO New SSH connection established
2025-05-03T17:31:48.474954+0300 INFO User logged out
2025-05-03T17:31:50.475192+0300 INFO Security scan completed
2025-05-03T17:31:52.476028+0300 INFO Security scan completed
2025-05-03T17:31:54.476283+0300 INFO User login successful
2025-05-03T17:31:56.476598+0300 INFO Failed login attempt
2025-05-03T17:31:58.476912+0300 INFO Firewall detached unusual traffic
2025-05-03T17:32:00.477175+0300 INFO User login successful
2025-05-03T17:32:02.477436+0300 INFO Failed login attempt
2025-05-03T17:32:04.477940+0300 INFO Security scan completed
2025-05-03T17:32:06.478209+0300 INFO Firewall detached unusual traffic
2025-05-03T17:32:08.478552+0300 INFO User login successful
2025-05-03T17:32:10.478890+0300 INFO Failed login attempt
2025-05-03T17:32:12.479162+0300 INFO User login successful
2025-05-03T17:32:14.479491+0300 INFO New SSH connection established
2025-05-03T17:32:16.479752+0300 INFO User login successful
2025-05-03T17:32:21.410254+0300 INFO Firewall detached unusual traffic
2025-05-03T17:32:23.410513+0300 INFO User login successful
2025-05-03T17:32:25.410723+0300 INFO User logged out
2025-05-03T17:32:27.410928+0300 INFO Failed login attempt
2025-05-03T17:32:29.411176+0300 INFO New SSH connection established
2025-05-03T17:32:31.411414+0300 INFO User logged out
2025-05-03T17:32:33.411646+0300 INFO User login successful
2025-05-03T17:32:35.411897+0300 INFO New SSH connection established
2025-05-03T17:32:37.412156+0300 INFO User login successful
2025-05-03T17:32:39.412429+0300 INFO User logged out
2025-05-03T17:32:41.412832+0300 INFO New SSH connection established
2025-05-03T17:32:43.413093+0300 INFO Security scan completed
2025-05-03T17:32:45.413410+0300 INFO Firewall detached unusual traffic
2025-05-03T17:32:47.413670+0300 INFO User logged out
2025-05-03T17:32:49.413938+0300 INFO Security scan completed
2025-05-03T17:32:51.414222+0300 INFO User logged out
2025-05-03T17:32:56.348171+0300 INFO Firewall detached unusual traffic
2025-05-03T17:39:22.407709+0300 INFO User login successful
2025-05-03T17:39:24.407928+0300 INFO Failed login attempt
2025-05-03T17:39:26.408158+0300 INFO User login successful
2025-05-03T17:39:28.408422+0300 INFO User login successful
2025-05-03T17:39:30.408722+0300 INFO Firewall detached unusual traffic
2025-05-03T17:39:32.408995+0300 INFO Firewall detached unusual traffic
2025-05-03T17:39:34.409282+0300 INFO Firewall detached unusual traffic
2025-05-03T17:39:36.409621+0300 INFO New SSH connection established
2025-05-03T17:39:38.409888+0300 INFO Failed login attempt
2025-05-03T17:39:40.410157+0300 INFO User login successful
2025-05-03T17:39:42.410493+0300 INFO User login successful
2025-05-03T17:39:44.410833+0300 INFO Security scan completed
2025-05-03T17:39:46.411150+0300 INFO Failed login attempt
2025-05-03T17:39:48.411469+0300 INFO Security scan completed
2025-05-03T17:39:50.411901+0300 INFO User logged out
2025-05-03T17:39:52.412252+0300 INFO Firewall detached unusual traffic
2025-05-03T17:39:57.336032+0300 INFO Security scan completed
2025-05-03T17:39:59.336292+0300 INFO Firewall detached unusual traffic
2025-05-03T17:40:01.336574+0300 INFO User login successful
2025-05-03T17:40:03.336987+0300 INFO New SSH connection established
2025-05-03T17:40:05.337324+0300 INFO Firewall detached unusual traffic
2025-05-03T17:40:07.337771+0300 INFO User logged out
2025-05-03T17:40:09.338064+0300 INFO Security scan completed
2025-05-03T17:40:11.338302+0300 INFO User login successful
2025-05-03T17:40:13.338603+0300 INFO Firewall detached unusual traffic
2025-05-03T17:40:15.338887+0300 INFO User login successful
2025-05-03T17:40:17.339154+0300 INFO Firewall detached unusual traffic
2025-05-03T17:40:19.339404+0300 INFO Failed login attempt
2025-05-03T17:40:21.339809+0300 INFO User logged out
2025-05-03T17:40:23.340101+0300 INFO User login successful
2025-05-03T17:40:25.340399+0300 INFO Failed login attempt
2025-05-03T17:40:27.340743+0300 INFO User logged out
2025-05-03T17:40:29.340989+0300 INFO Firewall detached unusual traffic
2025-05-03T17:40:34.267882+0300 INFO User login successful
2025-05-03T17:40:36.268121+0300 INFO User logged out
2025-05-03T17:40:38.268364+0300 INFO Failed login attempt
2025-05-03T17:40:40.268591+0300 INFO New SSH connection established
2025-05-03T17:40:42.268828+0300 INFO User logged out
2025-05-03T17:40:44.269061+0300 INFO Firewall detached unusual traffic
2025-05-03T17:40:46.269307+0300 INFO Failed login attempt
2025-05-03T17:40:48.269550+0300 INFO New SSH connection established
2025-05-03T17:40:50.269908+0300 INFO Firewall detached unusual traffic
2025-05-03T17:40:52.270173+0300 INFO Firewall detached unusual traffic
2025-05-03T17:40:54.270441+0300 INFO New SSH connection established
2025-05-03T17:40:56.270706+0300 INFO Failed login attempt
2025-05-03T17:40:58.270994+0300 INFO User login successful
2025-05-03T17:41:00.271408+0300 INFO New SSH connection established
2025-05-03T17:41:02.271844+0300 INFO New SSH connection established
2025-05-03T17:41:04.272296+0300 INFO User logged out
2025-05-03T17:41:09.205732+0300 INFO User logged out
2025-05-03T17:41:11.206006+0300 INFO Security scan completed
2025-05-03T17:41:13.206367+0300 INFO Firewall detached unusual traffic
2025-05-03T17:41:15.206740+0300 INFO Firewall detached unusual traffic
2025-05-03T17:41:17.207074+0300 INFO User login successful
2025-05-03T17:41:19.207412+0300 INFO Failed login attempt
2025-05-03T17:41:21.207723+0300 INFO User logged out
2025-05-03T17:41:23.207970+0300 INFO User login successful
2025-05-03T17:41:25.208217+0300 INFO Failed login attempt
2025-05-03T17:41:27.208475+0300 INFO User login successful
2025-05-03T17:41:29.208750+0300 INFO Failed login attempt
2025-05-03T17:41:31.208974+0300 INFO User logged out
2025-05-03T17:41:33.209205+0300 INFO Firewall detached unusual traffic
2025-05-03T17:41:35.209486+0300 INFO Security scan completed
2025-05-03T17:41:37.209741+0300 INFO New SSH connection established
2025-05-03T17:41:39.209989+0300 INFO Firewall detached unusual traffic
2025-05-03T17:41:44.164966+0300 INFO User logged out
2025-05-03T17:41:46.165394+0300 INFO Security scan completed
2025-05-03T17:41:48.165718+0300 INFO User logged out
2025-05-03T17:41:50.165991+0300 INFO New SSH connection established
2025-05-03T17:41:52.166362+0300 INFO User login successful
2025-05-03T17:41:54.166683+0300 INFO Firewall detached unusual traffic
2025-05-03T17:41:56.166988+0300 INFO User logged out
2025-05-03T17:41:58.167413+0300 INFO Firewall detached unusual traffic
2025-05-03T17:42:00.167795+0300 INFO User login successful
